2023-11-02 12:50:39,452 INFO org.springframework.boot.StartupInfoLogger [main] Starting AgroNewsApplication using Java 20.0.2 on Nigar with PID 15908 (C:\Users\nigarorucova\Desktop\aqro\AqroXeberler\target\classes started by nigarorucova in C:\Users\nigarorucova\Desktop\aqro\AqroXeberler)
2023-11-02 12:50:39,452 DEBUG org.springframework.boot.StartupInfoLogger [main] Running with Spring Boot v2.7.9, Spring v5.3.25
2023-11-02 12:50:39,452 INFO org.springframework.boot.SpringApplication [main] The following 1 profile is active: "dev"
2023-11-02 12:50:40,714 INFO org.springframework.data.repository.config.RepositoryConfigurationDelegate [main] Bootstrapping Spring Data JPA repositories in DEFAULT mode.
2023-11-02 12:50:40,814 INFO org.springframework.data.repository.config.RepositoryConfigurationDelegate [main] Finished Spring Data repository scanning in 87 ms. Found 9 JPA repository interfaces.
2023-11-02 12:50:41,431 INFO org.springframework.boot.web.embedded.tomcat.TomcatWebServer [main] Tomcat initialized with port(s): 8080 (http)
2023-11-02 12:50:41,442 INFO org.apache.juli.logging.DirectJDKLog [main] Starting service [Tomcat]
2023-11-02 12:50:41,442 INFO org.apache.juli.logging.DirectJDKLog [main] Starting Servlet engine: [Apache Tomcat/9.0.71]
2023-11-02 12:50:41,579 INFO org.apache.juli.logging.DirectJDKLog [main] Initializing Spring embedded WebApplicationContext
2023-11-02 12:50:41,579 INFO org.springframework.boot.web.servlet.context.ServletWebServerApplicationContext [main] Root WebApplicationContext: initialization completed in 2071 ms
2023-11-02 12:50:41,607 INFO com.zaxxer.hikari.HikariDataSource [main] HikariPool-1 - Starting...
2023-11-02 12:50:41,857 INFO com.zaxxer.hikari.HikariDataSource [main] HikariPool-1 - Start completed.
2023-11-02 12:50:41,867 INFO org.springframework.boot.autoconfigure.h2.H2ConsoleAutoConfiguration [main] H2 console available at '/h2'. Database available at 'jdbc:h2:mem:agro-news'
2023-11-02 12:50:42,016 INFO org.hibernate.jpa.internal.util.LogHelper [main] HHH000204: Processing PersistenceUnitInfo [name: default]
2023-11-02 12:50:42,089 INFO org.hibernate.Version [main] HHH000412: Hibernate ORM core version 5.6.15.Final
2023-11-02 12:50:42,281 INFO org.hibernate.annotations.common.reflection.java.JavaReflectionManager [main] HCANN000001: Hibernate Commons Annotations {5.1.2.Final}
2023-11-02 12:50:42,424 INFO org.hibernate.dialect.Dialect [main] HHH000400: Using dialect: org.hibernate.dialect.H2Dialect
2023-11-02 12:50:43,307 INFO org.hibernate.engine.transaction.jta.platform.internal.JtaPlatformInitiator [main] HHH000490: Using JtaPlatform implementation: [org.hibernate.engine.transaction.jta.platform.internal.NoJtaPlatform]
2023-11-02 12:50:43,317 INFO org.springframework.orm.jpa.AbstractEntityManagerFactoryBean [main] Initialized JPA EntityManagerFactory for persistence unit 'default'
2023-11-02 12:50:44,154 INFO org.springframework.security.web.DefaultSecurityFilterChain [main] Will secure any request with [org.springframework.security.web.session.DisableEncodeUrlFilter@4d3bde85, org.springframework.security.web.context.request.async.WebAsyncManagerIntegrationFilter@f5b4ca6, org.springframework.security.web.context.SecurityContextPersistenceFilter@3398ed12, org.springframework.security.web.header.HeaderWriterFilter@4a0f4282, org.springframework.web.filter.CorsFilter@260ccf0, org.springframework.security.web.authentication.logout.LogoutFilter@7bdddfa4, com.yelload.agro_news.security.filter.ExceptionHandlerFilter@2566247d, com.yelload.agro_news.security.filter.AuthenticationFilter@363a09a2, com.yelload.agro_news.security.filter.JWTAuthorizationFilter@63d14dbf, org.springframework.security.web.savedrequest.RequestCacheAwareFilter@64e247e, org.springframework.security.web.servletapi.SecurityContextHolderAwareRequestFilter@66df362c, org.springframework.security.web.authentication.AnonymousAuthenticationFilter@67521a79, org.springframework.security.web.session.SessionManagementFilter@43cf97a8, org.springframework.security.web.access.ExceptionTranslationFilter@5c30decf, org.springframework.security.web.access.intercept.FilterSecurityInterceptor@5b6ec94a]
2023-11-02 12:50:44,305 WARN org.springframework.boot.autoconfigure.orm.jpa.JpaBaseConfiguration$JpaWebConfiguration [main] spring.jpa.open-in-view is enabled by default. Therefore, database queries may be performed during view rendering. Explicitly configure spring.jpa.open-in-view to disable this warning
2023-11-02 12:50:45,296 INFO org.springframework.boot.web.embedded.tomcat.TomcatWebServer [main] Tomcat started on port(s): 8080 (http) with context path ''
2023-11-02 12:50:45,309 INFO org.springframework.boot.StartupInfoLogger [main] Started AgroNewsApplication in 6.444 seconds (JVM running for 7.385)
2023-11-02 14:27:09,779 WARN com.zaxxer.hikari.pool.HikariPool$HouseKeeper [HikariPool-1 housekeeper] HikariPool-1 - Thread starvation or clock leap detected (housekeeper delta=49m27s312ms502µs400ns).
2023-11-02 14:34:10,837 INFO org.springframework.orm.jpa.AbstractEntityManagerFactoryBean [SpringApplicationShutdownHook] Closing JPA EntityManagerFactory for persistence unit 'default'
2023-11-02 14:34:10,837 INFO org.hibernate.tool.schema.internal.SchemaDropperImpl$DelayedDropActionImpl [SpringApplicationShutdownHook] HHH000477: Starting delayed evictData of schema as part of SessionFactory shut-down'
2023-11-02 14:34:11,008 INFO com.zaxxer.hikari.HikariDataSource [SpringApplicationShutdownHook] HikariPool-1 - Shutdown initiated...
2023-11-02 14:34:11,008 INFO com.zaxxer.hikari.HikariDataSource [SpringApplicationShutdownHook] HikariPool-1 - Shutdown completed.
