2023-10-20 16:45:12,931 INFO org.springframework.boot.StartupInfoLogger [main] Starting AgroNewsApplication using Java 20.0.2 on Nigar with PID 2184 (C:\Users\nigarorucova\Desktop\Aqro\aqroxeber\target\classes started by nigarorucova in C:\Users\nigarorucova\Desktop\Aqro\aqroxeber)
2023-10-20 16:45:12,936 DEBUG org.springframework.boot.StartupInfoLogger [main] Running with Spring Boot v2.7.9, Spring v5.3.25
2023-10-20 16:45:12,937 INFO org.springframework.boot.SpringApplication [main] The following 1 profile is active: "dev"
2023-10-20 16:45:14,200 INFO org.springframework.data.repository.config.RepositoryConfigurationDelegate [main] Bootstrapping Spring Data JPA repositories in DEFAULT mode.
2023-10-20 16:45:14,289 INFO org.springframework.data.repository.config.RepositoryConfigurationDelegate [main] Finished Spring Data repository scanning in 78 ms. Found 7 JPA repository interfaces.
2023-10-20 16:45:14,891 INFO org.springframework.boot.web.embedded.tomcat.TomcatWebServer [main] Tomcat initialized with port(s): 8080 (http)
2023-10-20 16:45:14,902 INFO org.apache.juli.logging.DirectJDKLog [main] Starting service [Tomcat]
2023-10-20 16:45:14,903 INFO org.apache.juli.logging.DirectJDKLog [main] Starting Servlet engine: [Apache Tomcat/9.0.71]
2023-10-20 16:45:15,040 INFO org.apache.juli.logging.DirectJDKLog [main] Initializing Spring embedded WebApplicationContext
2023-10-20 16:45:15,040 INFO org.springframework.boot.web.servlet.context.ServletWebServerApplicationContext [main] Root WebApplicationContext: initialization completed in 2043 ms
2023-10-20 16:45:15,070 INFO com.zaxxer.hikari.HikariDataSource [main] HikariPool-1 - Starting...
2023-10-20 16:45:15,312 INFO com.zaxxer.hikari.HikariDataSource [main] HikariPool-1 - Start completed.
2023-10-20 16:45:15,323 INFO org.springframework.boot.autoconfigure.h2.H2ConsoleAutoConfiguration [main] H2 console available at '/h2'. Database available at 'jdbc:h2:mem:agro-news'
2023-10-20 16:45:15,466 INFO org.hibernate.jpa.internal.util.LogHelper [main] HHH000204: Processing PersistenceUnitInfo [name: default]
2023-10-20 16:45:15,552 INFO org.hibernate.Version [main] HHH000412: Hibernate ORM core version 5.6.15.Final
2023-10-20 16:45:15,738 INFO org.hibernate.annotations.common.reflection.java.JavaReflectionManager [main] HCANN000001: Hibernate Commons Annotations {5.1.2.Final}
2023-10-20 16:45:15,876 INFO org.hibernate.dialect.Dialect [main] HHH000400: Using dialect: org.hibernate.dialect.H2Dialect
2023-10-20 16:45:16,718 INFO org.hibernate.engine.transaction.jta.platform.internal.JtaPlatformInitiator [main] HHH000490: Using JtaPlatform implementation: [org.hibernate.engine.transaction.jta.platform.internal.NoJtaPlatform]
2023-10-20 16:45:16,728 INFO org.springframework.orm.jpa.AbstractEntityManagerFactoryBean [main] Initialized JPA EntityManagerFactory for persistence unit 'default'
2023-10-20 16:45:17,497 INFO org.springframework.security.web.DefaultSecurityFilterChain [main] Will secure any request with [org.springframework.security.web.session.DisableEncodeUrlFilter@532e00bd, org.springframework.security.web.context.request.async.WebAsyncManagerIntegrationFilter@47ab3688, org.springframework.security.web.context.SecurityContextPersistenceFilter@7f5a25e2, org.springframework.security.web.header.HeaderWriterFilter@5dd12c19, org.springframework.web.filter.CorsFilter@47fbf95e, org.springframework.security.web.authentication.logout.LogoutFilter@58a9e64d, com.yelload.agro_news.security.filter.ExceptionHandlerFilter@49482761, com.yelload.agro_news.security.filter.AuthenticationFilter@6ac0fd1d, com.yelload.agro_news.security.filter.JWTAuthorizationFilter@744199bb, org.springframework.security.web.savedrequest.RequestCacheAwareFilter@6cb759d5, org.springframework.security.web.servletapi.SecurityContextHolderAwareRequestFilter@2ba9765b, org.springframework.security.web.authentication.AnonymousAuthenticationFilter@6ce8bf64, org.springframework.security.web.session.SessionManagementFilter@3ce2c5f6, org.springframework.security.web.access.ExceptionTranslationFilter@38d895e8, org.springframework.security.web.access.intercept.FilterSecurityInterceptor@13e6c544]
2023-10-20 16:45:17,639 WARN org.springframework.boot.autoconfigure.orm.jpa.JpaBaseConfiguration$JpaWebConfiguration [main] spring.jpa.open-in-view is enabled by default. Therefore, database queries may be performed during view rendering. Explicitly configure spring.jpa.open-in-view to disable this warning
2023-10-20 16:45:18,620 INFO org.springframework.boot.web.embedded.tomcat.TomcatWebServer [main] Tomcat started on port(s): 8080 (http) with context path ''
2023-10-20 16:45:18,633 INFO org.springframework.boot.StartupInfoLogger [main] Started AgroNewsApplication in 6.283 seconds (JVM running for 7.196)
2023-10-20 16:45:20,138 DEBUG com.yelload.agro_news.rss.NewsDataHelper [scheduling-1] The Kənd Təsərrüfatı Nazirliyi ilə Atom Enerjisi üzrə Beynəlxalq Agentliyin birgə seminarı keçirilib news is new
2023-10-20 16:45:20,140 DEBUG com.yelload.agro_news.rss.NewsDataHelper [scheduling-1] News content length checked.
2023-10-20 16:45:20,141 DEBUG com.yelload.agro_news.rss.NewsDataHelper [scheduling-1] Get standard month format
2023-10-20 16:45:20,141 DEBUG com.yelload.agro_news.rss.NewsDataHelper [scheduling-1] Get standard date and change month format
2023-10-20 16:45:20,142 DEBUG com.yelload.agro_news.rss.NewsDataControl [scheduling-1] getAgroGovAzNews() - image list created
2023-10-20 16:45:20,160 DEBUG com.yelload.agro_news.rss.NewsDataControl [scheduling-1] getAgroGovAzNews() - image added to image list
2023-10-20 16:45:20,172 DEBUG com.yelload.agro_news.rss.NewsDataControl [scheduling-1] getAgroGovAzNews() - image added to image list
2023-10-20 16:45:20,184 DEBUG com.yelload.agro_news.rss.NewsDataControl [scheduling-1] getAgroGovAzNews() - image added to image list
2023-10-20 16:45:20,195 DEBUG com.yelload.agro_news.rss.NewsDataControl [scheduling-1] getAgroGovAzNews() - image added to image list
2023-10-20 16:45:20,195 DEBUG com.yelload.agro_news.rss.NewsDataControl [scheduling-1] getAgroGovAzNews() - images set to newsDto
2023-10-20 16:45:20,195 DEBUG com.yelload.agro_news.service.impl.NewsServiceImpl [scheduling-1] Create news entity with data
2023-10-20 16:45:20,195 DEBUG com.yelload.agro_news.service.impl.NewsServiceImpl [scheduling-1] Create image list
2023-10-20 16:45:20,196 DEBUG com.yelload.agro_news.service.impl.NewsServiceImpl [scheduling-1] Add images to newsDto.getImages()
2023-10-20 16:45:20,196 DEBUG com.yelload.agro_news.service.impl.NewsServiceImpl [scheduling-1] Add images to newsDto.getImages()
2023-10-20 16:45:20,196 DEBUG com.yelload.agro_news.service.impl.NewsServiceImpl [scheduling-1] Add images to newsDto.getImages()
2023-10-20 16:45:20,196 DEBUG com.yelload.agro_news.service.impl.NewsServiceImpl [scheduling-1] Add images to newsDto.getImages()
2023-10-20 16:45:20,196 DEBUG com.yelload.agro_news.service.impl.NewsServiceImpl [scheduling-1] Add images to newsDto.getImages()
2023-10-20 16:45:20,252 DEBUG com.yelload.agro_news.service.impl.NewsServiceImpl [scheduling-1] Save news
2023-10-20 16:45:20,252 DEBUG com.yelload.agro_news.rss.NewsDataControl [scheduling-1] getAgroGovAzNews() - main news saved
2023-10-20 16:45:20,543 DEBUG com.yelload.agro_news.rss.NewsDataHelper [scheduling-1] The Bal yarmarkasında Qarabağ və Şərqi Zəngəzur iqtisadi rayonlarından 3 tona yaxın bal satışa çıxarılıb news is new
2023-10-20 16:45:20,545 DEBUG com.yelload.agro_news.rss.NewsDataHelper [scheduling-1] News content length checked.
2023-10-20 16:45:20,545 DEBUG com.yelload.agro_news.rss.NewsDataHelper [scheduling-1] Get standard month format
2023-10-20 16:45:20,546 DEBUG com.yelload.agro_news.rss.NewsDataHelper [scheduling-1] Get standard date and change month format
2023-10-20 16:45:20,547 DEBUG com.yelload.agro_news.rss.NewsDataControl [scheduling-1] getAgroGovAzNews() - image list created
2023-10-20 16:45:20,547 DEBUG com.yelload.agro_news.rss.NewsDataControl [scheduling-1] getAgroGovAzNews() - images set to newsDto
2023-10-20 16:45:20,547 DEBUG com.yelload.agro_news.service.impl.NewsServiceImpl [scheduling-1] Create news entity with data
2023-10-20 16:45:20,548 DEBUG com.yelload.agro_news.service.impl.NewsServiceImpl [scheduling-1] Create image list
2023-10-20 16:45:20,548 DEBUG com.yelload.agro_news.service.impl.NewsServiceImpl [scheduling-1] Add images to newsDto.getImages()
2023-10-20 16:45:20,552 DEBUG com.yelload.agro_news.service.impl.NewsServiceImpl [scheduling-1] Save news
2023-10-20 16:45:20,552 DEBUG com.yelload.agro_news.rss.NewsDataControl [scheduling-1] getAgroGovAzNews() - main news saved
2023-10-20 16:45:20,831 DEBUG com.yelload.agro_news.rss.NewsDataHelper [scheduling-1] The Kənd təsərrüfatı nazirinin müavini İlhamə Qədimova Şəmkirdə vətəndaşları qəbul edib news is new
2023-10-20 16:45:20,832 DEBUG com.yelload.agro_news.rss.NewsDataHelper [scheduling-1] News content length checked.
2023-10-20 16:45:20,833 DEBUG com.yelload.agro_news.rss.NewsDataHelper [scheduling-1] Get standard month format
2023-10-20 16:45:20,833 DEBUG com.yelload.agro_news.rss.NewsDataHelper [scheduling-1] Get standard date and change month format
2023-10-20 16:45:20,834 DEBUG com.yelload.agro_news.rss.NewsDataControl [scheduling-1] getAgroGovAzNews() - image list created
2023-10-20 16:45:20,850 DEBUG com.yelload.agro_news.rss.NewsDataControl [scheduling-1] getAgroGovAzNews() - image added to image list
2023-10-20 16:45:20,861 DEBUG com.yelload.agro_news.rss.NewsDataControl [scheduling-1] getAgroGovAzNews() - image added to image list
2023-10-20 16:45:20,871 DEBUG com.yelload.agro_news.rss.NewsDataControl [scheduling-1] getAgroGovAzNews() - image added to image list
2023-10-20 16:45:20,872 DEBUG com.yelload.agro_news.rss.NewsDataControl [scheduling-1] getAgroGovAzNews() - images set to newsDto
2023-10-20 16:45:20,872 DEBUG com.yelload.agro_news.service.impl.NewsServiceImpl [scheduling-1] Create news entity with data
2023-10-20 16:45:20,872 DEBUG com.yelload.agro_news.service.impl.NewsServiceImpl [scheduling-1] Create image list
2023-10-20 16:45:20,872 DEBUG com.yelload.agro_news.service.impl.NewsServiceImpl [scheduling-1] Add images to newsDto.getImages()
2023-10-20 16:45:20,873 DEBUG com.yelload.agro_news.service.impl.NewsServiceImpl [scheduling-1] Add images to newsDto.getImages()
2023-10-20 16:45:20,873 DEBUG com.yelload.agro_news.service.impl.NewsServiceImpl [scheduling-1] Add images to newsDto.getImages()
2023-10-20 16:45:20,873 DEBUG com.yelload.agro_news.service.impl.NewsServiceImpl [scheduling-1] Add images to newsDto.getImages()
2023-10-20 16:45:20,879 DEBUG com.yelload.agro_news.service.impl.NewsServiceImpl [scheduling-1] Save news
2023-10-20 16:45:20,880 DEBUG com.yelload.agro_news.rss.NewsDataControl [scheduling-1] getAgroGovAzNews() - main news saved
2023-10-20 16:45:21,190 DEBUG com.yelload.agro_news.rss.NewsDataHelper [scheduling-1] The Kənd təsərrüfatı nazirinin müavini Sarvan Cəfərov Saatlıda vətəndaşları qəbul edib news is new
2023-10-20 16:45:21,191 DEBUG com.yelload.agro_news.rss.NewsDataHelper [scheduling-1] News content length checked.
2023-10-20 16:45:21,192 DEBUG com.yelload.agro_news.rss.NewsDataHelper [scheduling-1] Get standard month format
2023-10-20 16:45:21,192 DEBUG com.yelload.agro_news.rss.NewsDataHelper [scheduling-1] Get standard date and change month format
2023-10-20 16:45:21,193 DEBUG com.yelload.agro_news.rss.NewsDataControl [scheduling-1] getAgroGovAzNews() - image list created
2023-10-20 16:45:21,193 DEBUG com.yelload.agro_news.rss.NewsDataControl [scheduling-1] getAgroGovAzNews() - image added to image list
2023-10-20 16:45:21,193 DEBUG com.yelload.agro_news.rss.NewsDataControl [scheduling-1] getAgroGovAzNews() - image added to image list
2023-10-20 16:45:21,193 DEBUG com.yelload.agro_news.rss.NewsDataControl [scheduling-1] getAgroGovAzNews() - image added to image list
2023-10-20 16:45:21,194 DEBUG com.yelload.agro_news.rss.NewsDataControl [scheduling-1] getAgroGovAzNews() - images set to newsDto
2023-10-20 16:45:21,194 DEBUG com.yelload.agro_news.service.impl.NewsServiceImpl [scheduling-1] Create news entity with data
2023-10-20 16:45:21,194 DEBUG com.yelload.agro_news.service.impl.NewsServiceImpl [scheduling-1] Create image list
2023-10-20 16:45:21,194 DEBUG com.yelload.agro_news.service.impl.NewsServiceImpl [scheduling-1] Add images to newsDto.getImages()
2023-10-20 16:45:21,194 DEBUG com.yelload.agro_news.service.impl.NewsServiceImpl [scheduling-1] Add images to newsDto.getImages()
2023-10-20 16:45:21,194 DEBUG com.yelload.agro_news.service.impl.NewsServiceImpl [scheduling-1] Add images to newsDto.getImages()
2023-10-20 16:45:21,195 DEBUG com.yelload.agro_news.service.impl.NewsServiceImpl [scheduling-1] Add images to newsDto.getImages()
2023-10-20 16:45:21,200 DEBUG com.yelload.agro_news.service.impl.NewsServiceImpl [scheduling-1] Save news
2023-10-20 16:45:21,200 DEBUG com.yelload.agro_news.rss.NewsDataControl [scheduling-1] getAgroGovAzNews() - main news saved
2023-10-20 16:45:21,530 DEBUG com.yelload.agro_news.rss.NewsDataHelper [scheduling-1] The Nazir Məcnun Məmmədov Samuxda vətəndaşları qəbul edəcək news is new
2023-10-20 16:45:21,531 DEBUG com.yelload.agro_news.rss.NewsDataHelper [scheduling-1] News content length checked.
2023-10-20 16:45:21,531 DEBUG com.yelload.agro_news.rss.NewsDataHelper [scheduling-1] Get standard month format
2023-10-20 16:45:21,531 DEBUG com.yelload.agro_news.rss.NewsDataHelper [scheduling-1] Get standard date and change month format
2023-10-20 16:45:21,532 DEBUG com.yelload.agro_news.rss.NewsDataControl [scheduling-1] getAgroGovAzNews() - image list created
2023-10-20 16:45:21,532 DEBUG com.yelload.agro_news.rss.NewsDataControl [scheduling-1] getAgroGovAzNews() - images set to newsDto
2023-10-20 16:45:21,532 DEBUG com.yelload.agro_news.service.impl.NewsServiceImpl [scheduling-1] Create news entity with data
2023-10-20 16:45:21,532 DEBUG com.yelload.agro_news.service.impl.NewsServiceImpl [scheduling-1] Create image list
2023-10-20 16:45:21,532 DEBUG com.yelload.agro_news.service.impl.NewsServiceImpl [scheduling-1] Add images to newsDto.getImages()
2023-10-20 16:45:21,535 DEBUG com.yelload.agro_news.service.impl.NewsServiceImpl [scheduling-1] Save news
2023-10-20 16:45:21,536 DEBUG com.yelload.agro_news.rss.NewsDataControl [scheduling-1] getAgroGovAzNews() - main news saved
2023-10-20 16:45:21,837 DEBUG com.yelload.agro_news.rss.NewsDataHelper [scheduling-1] The Aqrar Sığorta Fondunun İdarə Heyətinin sədri Fuad Sadıqov Biləsuvarda vətəndaşları qəbul edəcək news is new
2023-10-20 16:45:21,838 DEBUG com.yelload.agro_news.rss.NewsDataHelper [scheduling-1] News content length checked.
2023-10-20 16:45:21,838 DEBUG com.yelload.agro_news.rss.NewsDataHelper [scheduling-1] Get standard month format
2023-10-20 16:45:21,838 DEBUG com.yelload.agro_news.rss.NewsDataHelper [scheduling-1] Get standard date and change month format
2023-10-20 16:45:21,839 DEBUG com.yelload.agro_news.rss.NewsDataControl [scheduling-1] getAgroGovAzNews() - image list created
2023-10-20 16:45:21,839 DEBUG com.yelload.agro_news.rss.NewsDataControl [scheduling-1] getAgroGovAzNews() - images set to newsDto
2023-10-20 16:45:21,839 DEBUG com.yelload.agro_news.service.impl.NewsServiceImpl [scheduling-1] Create news entity with data
2023-10-20 16:45:21,839 DEBUG com.yelload.agro_news.service.impl.NewsServiceImpl [scheduling-1] Create image list
2023-10-20 16:45:21,839 DEBUG com.yelload.agro_news.service.impl.NewsServiceImpl [scheduling-1] Add images to newsDto.getImages()
2023-10-20 16:45:21,843 DEBUG com.yelload.agro_news.service.impl.NewsServiceImpl [scheduling-1] Save news
2023-10-20 16:45:21,843 DEBUG com.yelload.agro_news.rss.NewsDataControl [scheduling-1] getAgroGovAzNews() - main news saved
2023-10-20 16:45:22,171 DEBUG com.yelload.agro_news.rss.NewsDataHelper [scheduling-1] The “Aqroservis” ASC-nin sədri Elmin Rəhmanov Masallıda vətəndaşları qəbul edəcək news is new
2023-10-20 16:45:22,171 DEBUG com.yelload.agro_news.rss.NewsDataHelper [scheduling-1] News content length checked.
2023-10-20 16:45:22,172 DEBUG com.yelload.agro_news.rss.NewsDataHelper [scheduling-1] Get standard month format
2023-10-20 16:45:22,172 DEBUG com.yelload.agro_news.rss.NewsDataHelper [scheduling-1] Get standard date and change month format
2023-10-20 16:45:22,173 DEBUG com.yelload.agro_news.rss.NewsDataControl [scheduling-1] getAgroGovAzNews() - image list created
2023-10-20 16:45:22,173 DEBUG com.yelload.agro_news.rss.NewsDataControl [scheduling-1] getAgroGovAzNews() - images set to newsDto
2023-10-20 16:45:22,173 DEBUG com.yelload.agro_news.service.impl.NewsServiceImpl [scheduling-1] Create news entity with data
2023-10-20 16:45:22,173 DEBUG com.yelload.agro_news.service.impl.NewsServiceImpl [scheduling-1] Create image list
2023-10-20 16:45:22,173 DEBUG com.yelload.agro_news.service.impl.NewsServiceImpl [scheduling-1] Add images to newsDto.getImages()
2023-10-20 16:45:22,176 DEBUG com.yelload.agro_news.service.impl.NewsServiceImpl [scheduling-1] Save news
2023-10-20 16:45:22,176 DEBUG com.yelload.agro_news.rss.NewsDataControl [scheduling-1] getAgroGovAzNews() - main news saved
2023-10-20 16:45:22,548 DEBUG com.yelload.agro_news.rss.NewsDataHelper [scheduling-1] The Kənd təsərrüfatı nazirinin müavini Sarvan Cəfərov Saatlıda vətəndaşları qəbul edəcək news is new
2023-10-20 16:45:22,549 DEBUG com.yelload.agro_news.rss.NewsDataHelper [scheduling-1] News content length checked.
2023-10-20 16:45:22,549 DEBUG com.yelload.agro_news.rss.NewsDataHelper [scheduling-1] Get standard month format
2023-10-20 16:45:22,550 DEBUG com.yelload.agro_news.rss.NewsDataHelper [scheduling-1] Get standard date and change month format
2023-10-20 16:45:22,551 DEBUG com.yelload.agro_news.rss.NewsDataControl [scheduling-1] getAgroGovAzNews() - image list created
2023-10-20 16:45:22,551 DEBUG com.yelload.agro_news.rss.NewsDataControl [scheduling-1] getAgroGovAzNews() - images set to newsDto
2023-10-20 16:45:22,551 DEBUG com.yelload.agro_news.service.impl.NewsServiceImpl [scheduling-1] Create news entity with data
2023-10-20 16:45:22,552 DEBUG com.yelload.agro_news.service.impl.NewsServiceImpl [scheduling-1] Create image list
2023-10-20 16:45:22,553 DEBUG com.yelload.agro_news.service.impl.NewsServiceImpl [scheduling-1] Add images to newsDto.getImages()
2023-10-20 16:45:22,558 DEBUG com.yelload.agro_news.service.impl.NewsServiceImpl [scheduling-1] Save news
2023-10-20 16:45:22,559 DEBUG com.yelload.agro_news.rss.NewsDataControl [scheduling-1] getAgroGovAzNews() - main news saved
2023-10-20 16:45:22,886 DEBUG com.yelload.agro_news.rss.NewsDataHelper [scheduling-1] The Beynəlxalq seleksiya şirkətinin süfrəlik üzüm sortlarının nümayişi təşkil edilib news is new
2023-10-20 16:45:22,886 DEBUG com.yelload.agro_news.rss.NewsDataHelper [scheduling-1] News content length checked.
2023-10-20 16:45:22,887 DEBUG com.yelload.agro_news.rss.NewsDataHelper [scheduling-1] Get standard month format
2023-10-20 16:45:22,887 DEBUG com.yelload.agro_news.rss.NewsDataHelper [scheduling-1] Get standard date and change month format
2023-10-20 16:45:22,887 DEBUG com.yelload.agro_news.rss.NewsDataControl [scheduling-1] getAgroGovAzNews() - image list created
2023-10-20 16:45:22,887 DEBUG com.yelload.agro_news.rss.NewsDataControl [scheduling-1] getAgroGovAzNews() - image added to image list
2023-10-20 16:45:22,887 DEBUG com.yelload.agro_news.rss.NewsDataControl [scheduling-1] getAgroGovAzNews() - image added to image list
2023-10-20 16:45:22,887 DEBUG com.yelload.agro_news.rss.NewsDataControl [scheduling-1] getAgroGovAzNews() - image added to image list
2023-10-20 16:45:22,887 DEBUG com.yelload.agro_news.rss.NewsDataControl [scheduling-1] getAgroGovAzNews() - image added to image list
2023-10-20 16:45:22,887 DEBUG com.yelload.agro_news.rss.NewsDataControl [scheduling-1] getAgroGovAzNews() - image added to image list
2023-10-20 16:45:22,888 DEBUG com.yelload.agro_news.rss.NewsDataControl [scheduling-1] getAgroGovAzNews() - image added to image list
2023-10-20 16:45:22,888 DEBUG com.yelload.agro_news.rss.NewsDataControl [scheduling-1] getAgroGovAzNews() - image added to image list
2023-10-20 16:45:22,888 DEBUG com.yelload.agro_news.rss.NewsDataControl [scheduling-1] getAgroGovAzNews() - images set to newsDto
2023-10-20 16:45:22,888 DEBUG com.yelload.agro_news.service.impl.NewsServiceImpl [scheduling-1] Create news entity with data
2023-10-20 16:45:22,888 DEBUG com.yelload.agro_news.service.impl.NewsServiceImpl [scheduling-1] Create image list
2023-10-20 16:45:22,888 DEBUG com.yelload.agro_news.service.impl.NewsServiceImpl [scheduling-1] Add images to newsDto.getImages()
2023-10-20 16:45:22,888 DEBUG com.yelload.agro_news.service.impl.NewsServiceImpl [scheduling-1] Add images to newsDto.getImages()
2023-10-20 16:45:22,888 DEBUG com.yelload.agro_news.service.impl.NewsServiceImpl [scheduling-1] Add images to newsDto.getImages()
2023-10-20 16:45:22,888 DEBUG com.yelload.agro_news.service.impl.NewsServiceImpl [scheduling-1] Add images to newsDto.getImages()
2023-10-20 16:45:22,888 DEBUG com.yelload.agro_news.service.impl.NewsServiceImpl [scheduling-1] Add images to newsDto.getImages()
2023-10-20 16:45:22,889 DEBUG com.yelload.agro_news.service.impl.NewsServiceImpl [scheduling-1] Add images to newsDto.getImages()
2023-10-20 16:45:22,889 DEBUG com.yelload.agro_news.service.impl.NewsServiceImpl [scheduling-1] Add images to newsDto.getImages()
2023-10-20 16:45:22,889 DEBUG com.yelload.agro_news.service.impl.NewsServiceImpl [scheduling-1] Add images to newsDto.getImages()
2023-10-20 16:45:22,896 DEBUG com.yelload.agro_news.service.impl.NewsServiceImpl [scheduling-1] Save news
2023-10-20 16:45:22,896 DEBUG com.yelload.agro_news.rss.NewsDataControl [scheduling-1] getAgroGovAzNews() - main news saved
2023-10-20 16:45:23,200 DEBUG com.yelload.agro_news.rss.NewsDataHelper [scheduling-1] The Nazir Məcnun Məmmədov Şəkidə vətəndaşları qəbul edib news is new
2023-10-20 16:45:23,201 DEBUG com.yelload.agro_news.rss.NewsDataHelper [scheduling-1] News content length checked.
2023-10-20 16:45:23,201 DEBUG com.yelload.agro_news.rss.NewsDataHelper [scheduling-1] Get standard month format
2023-10-20 16:45:23,201 DEBUG com.yelload.agro_news.rss.NewsDataHelper [scheduling-1] Get standard date and change month format
2023-10-20 16:45:23,201 DEBUG com.yelload.agro_news.rss.NewsDataControl [scheduling-1] getAgroGovAzNews() - image list created
2023-10-20 16:45:23,202 DEBUG com.yelload.agro_news.rss.NewsDataControl [scheduling-1] getAgroGovAzNews() - image added to image list
2023-10-20 16:45:23,202 DEBUG com.yelload.agro_news.rss.NewsDataControl [scheduling-1] getAgroGovAzNews() - image added to image list
2023-10-20 16:45:23,202 DEBUG com.yelload.agro_news.rss.NewsDataControl [scheduling-1] getAgroGovAzNews() - image added to image list
2023-10-20 16:45:23,202 DEBUG com.yelload.agro_news.rss.NewsDataControl [scheduling-1] getAgroGovAzNews() - image added to image list
2023-10-20 16:45:23,202 DEBUG com.yelload.agro_news.rss.NewsDataControl [scheduling-1] getAgroGovAzNews() - image added to image list
2023-10-20 16:45:23,202 DEBUG com.yelload.agro_news.rss.NewsDataControl [scheduling-1] getAgroGovAzNews() - images set to newsDto
2023-10-20 16:45:23,203 DEBUG com.yelload.agro_news.service.impl.NewsServiceImpl [scheduling-1] Create news entity with data
2023-10-20 16:45:23,203 DEBUG com.yelload.agro_news.service.impl.NewsServiceImpl [scheduling-1] Create image list
2023-10-20 16:45:23,203 DEBUG com.yelload.agro_news.service.impl.NewsServiceImpl [scheduling-1] Add images to newsDto.getImages()
2023-10-20 16:45:23,203 DEBUG com.yelload.agro_news.service.impl.NewsServiceImpl [scheduling-1] Add images to newsDto.getImages()
2023-10-20 16:45:23,203 DEBUG com.yelload.agro_news.service.impl.NewsServiceImpl [scheduling-1] Add images to newsDto.getImages()
2023-10-20 16:45:23,203 DEBUG com.yelload.agro_news.service.impl.NewsServiceImpl [scheduling-1] Add images to newsDto.getImages()
2023-10-20 16:45:23,203 DEBUG com.yelload.agro_news.service.impl.NewsServiceImpl [scheduling-1] Add images to newsDto.getImages()
2023-10-20 16:45:23,203 DEBUG com.yelload.agro_news.service.impl.NewsServiceImpl [scheduling-1] Add images to newsDto.getImages()
2023-10-20 16:45:23,209 DEBUG com.yelload.agro_news.service.impl.NewsServiceImpl [scheduling-1] Save news
2023-10-20 16:45:23,209 DEBUG com.yelload.agro_news.rss.NewsDataControl [scheduling-1] getAgroGovAzNews() - main news saved
2023-10-20 16:45:23,790 DEBUG com.yelload.agro_news.rss.NewsDataHelper [scheduling-1] The Kənd təsərrüfatı nazirinin müavini İlhamə Qədimova Şəmkirdə vətəndaşları qəbul edəcək news is new
2023-10-20 16:45:23,791 DEBUG com.yelload.agro_news.rss.NewsDataHelper [scheduling-1] News content length checked.
2023-10-20 16:45:23,792 DEBUG com.yelload.agro_news.rss.NewsDataHelper [scheduling-1] Get standard month format
2023-10-20 16:45:23,792 DEBUG com.yelload.agro_news.rss.NewsDataHelper [scheduling-1] Get standard date and change month format
2023-10-20 16:45:23,793 DEBUG com.yelload.agro_news.rss.NewsDataControl [scheduling-1] getAgroGovAzNews() - image list created
2023-10-20 16:45:23,794 DEBUG com.yelload.agro_news.rss.NewsDataControl [scheduling-1] getAgroGovAzNews() - images set to newsDto
2023-10-20 16:45:23,794 DEBUG com.yelload.agro_news.service.impl.NewsServiceImpl [scheduling-1] Create news entity with data
2023-10-20 16:45:23,794 DEBUG com.yelload.agro_news.service.impl.NewsServiceImpl [scheduling-1] Create image list
2023-10-20 16:45:23,794 DEBUG com.yelload.agro_news.service.impl.NewsServiceImpl [scheduling-1] Add images to newsDto.getImages()
2023-10-20 16:45:23,798 DEBUG com.yelload.agro_news.service.impl.NewsServiceImpl [scheduling-1] Save news
2023-10-20 16:45:23,798 DEBUG com.yelload.agro_news.rss.NewsDataControl [scheduling-1] getAgroGovAzNews() - main news saved
2023-10-20 16:45:24,100 DEBUG com.yelload.agro_news.rss.NewsDataHelper [scheduling-1] The Aqrar Xidmətlər Agentliyinin sədr müavini Cəfər Məhərrəmov Qubada vətəndaşları qəbul edəcək news is new
2023-10-20 16:45:24,101 DEBUG com.yelload.agro_news.rss.NewsDataHelper [scheduling-1] News content length checked.
2023-10-20 16:45:24,101 DEBUG com.yelload.agro_news.rss.NewsDataHelper [scheduling-1] Get standard month format
2023-10-20 16:45:24,102 DEBUG com.yelload.agro_news.rss.NewsDataHelper [scheduling-1] Get standard date and change month format
2023-10-20 16:45:24,102 DEBUG com.yelload.agro_news.rss.NewsDataControl [scheduling-1] getAgroGovAzNews() - image list created
2023-10-20 16:45:24,103 DEBUG com.yelload.agro_news.rss.NewsDataControl [scheduling-1] getAgroGovAzNews() - images set to newsDto
2023-10-20 16:45:24,103 DEBUG com.yelload.agro_news.service.impl.NewsServiceImpl [scheduling-1] Create news entity with data
2023-10-20 16:45:24,103 DEBUG com.yelload.agro_news.service.impl.NewsServiceImpl [scheduling-1] Create image list
2023-10-20 16:45:24,104 DEBUG com.yelload.agro_news.service.impl.NewsServiceImpl [scheduling-1] Add images to newsDto.getImages()
2023-10-20 16:45:24,107 DEBUG com.yelload.agro_news.service.impl.NewsServiceImpl [scheduling-1] Save news
2023-10-20 16:45:24,107 DEBUG com.yelload.agro_news.rss.NewsDataControl [scheduling-1] getAgroGovAzNews() - main news saved
2023-10-20 16:45:24,402 DEBUG com.yelload.agro_news.rss.NewsDataHelper [scheduling-1] The Aqrar Kredit və İnkişaf Agentliyinin sədri Seymur Mövlayev Ağdaşda vətəndaşları qəbul edib news is new
2023-10-20 16:45:24,402 DEBUG com.yelload.agro_news.rss.NewsDataHelper [scheduling-1] News content length checked.
2023-10-20 16:45:24,403 DEBUG com.yelload.agro_news.rss.NewsDataHelper [scheduling-1] Get standard month format
2023-10-20 16:45:24,403 DEBUG com.yelload.agro_news.rss.NewsDataHelper [scheduling-1] Get standard date and change month format
2023-10-20 16:45:24,404 DEBUG com.yelload.agro_news.rss.NewsDataControl [scheduling-1] getAgroGovAzNews() - image list created
2023-10-20 16:45:24,404 DEBUG com.yelload.agro_news.rss.NewsDataControl [scheduling-1] getAgroGovAzNews() - image added to image list
2023-10-20 16:45:24,404 DEBUG com.yelload.agro_news.rss.NewsDataControl [scheduling-1] getAgroGovAzNews() - image added to image list
2023-10-20 16:45:24,404 DEBUG com.yelload.agro_news.rss.NewsDataControl [scheduling-1] getAgroGovAzNews() - image added to image list
2023-10-20 16:45:24,404 DEBUG com.yelload.agro_news.rss.NewsDataControl [scheduling-1] getAgroGovAzNews() - images set to newsDto
2023-10-20 16:45:24,404 DEBUG com.yelload.agro_news.service.impl.NewsServiceImpl [scheduling-1] Create news entity with data
2023-10-20 16:45:24,405 DEBUG com.yelload.agro_news.service.impl.NewsServiceImpl [scheduling-1] Create image list
2023-10-20 16:45:24,405 DEBUG com.yelload.agro_news.service.impl.NewsServiceImpl [scheduling-1] Add images to newsDto.getImages()
2023-10-20 16:45:24,405 DEBUG com.yelload.agro_news.service.impl.NewsServiceImpl [scheduling-1] Add images to newsDto.getImages()
2023-10-20 16:45:24,405 DEBUG com.yelload.agro_news.service.impl.NewsServiceImpl [scheduling-1] Add images to newsDto.getImages()
2023-10-20 16:45:24,405 DEBUG com.yelload.agro_news.service.impl.NewsServiceImpl [scheduling-1] Add images to newsDto.getImages()
2023-10-20 16:45:24,411 DEBUG com.yelload.agro_news.service.impl.NewsServiceImpl [scheduling-1] Save news
2023-10-20 16:45:24,411 DEBUG com.yelload.agro_news.rss.NewsDataControl [scheduling-1] getAgroGovAzNews() - main news saved
2023-10-20 16:45:24,701 DEBUG com.yelload.agro_news.rss.NewsDataHelper [scheduling-1] The Azərbaycanda yeni üzüm sortlarının təqdimatı keçiriləcək news is new
2023-10-20 16:45:24,701 DEBUG com.yelload.agro_news.rss.NewsDataHelper [scheduling-1] News content length checked.
2023-10-20 16:45:24,702 DEBUG com.yelload.agro_news.rss.NewsDataHelper [scheduling-1] Get standard month format
2023-10-20 16:45:24,702 DEBUG com.yelload.agro_news.rss.NewsDataHelper [scheduling-1] Get standard date and change month format
2023-10-20 16:45:24,703 DEBUG com.yelload.agro_news.rss.NewsDataControl [scheduling-1] getAgroGovAzNews() - image list created
2023-10-20 16:45:24,703 DEBUG com.yelload.agro_news.rss.NewsDataControl [scheduling-1] getAgroGovAzNews() - images set to newsDto
2023-10-20 16:45:24,703 DEBUG com.yelload.agro_news.service.impl.NewsServiceImpl [scheduling-1] Create news entity with data
2023-10-20 16:45:24,704 DEBUG com.yelload.agro_news.service.impl.NewsServiceImpl [scheduling-1] Create image list
2023-10-20 16:45:24,704 DEBUG com.yelload.agro_news.service.impl.NewsServiceImpl [scheduling-1] Add images to newsDto.getImages()
2023-10-20 16:45:24,709 DEBUG com.yelload.agro_news.service.impl.NewsServiceImpl [scheduling-1] Save news
2023-10-20 16:45:24,709 DEBUG com.yelload.agro_news.rss.NewsDataControl [scheduling-1] getAgroGovAzNews() - main news saved
2023-10-20 16:45:25,579 DEBUG com.yelload.agro_news.rss.NewsDataHelper [scheduling-1] The Biləsuvarda toxum sərgi-satış yarmarkası keçirilib news is new
2023-10-20 16:45:25,580 DEBUG com.yelload.agro_news.rss.NewsDataHelper [scheduling-1] News content length checked.
2023-10-20 16:45:25,581 DEBUG com.yelload.agro_news.rss.NewsDataHelper [scheduling-1] Get standard month format
2023-10-20 16:45:25,581 DEBUG com.yelload.agro_news.rss.NewsDataHelper [scheduling-1] Get standard date and change month format
2023-10-20 16:45:25,582 DEBUG com.yelload.agro_news.rss.NewsDataControl [scheduling-1] getAgroGovAzNews() - image list created
2023-10-20 16:45:25,582 DEBUG com.yelload.agro_news.rss.NewsDataControl [scheduling-1] getAgroGovAzNews() - image added to image list
2023-10-20 16:45:25,582 DEBUG com.yelload.agro_news.rss.NewsDataControl [scheduling-1] getAgroGovAzNews() - image added to image list
2023-10-20 16:45:25,583 DEBUG com.yelload.agro_news.rss.NewsDataControl [scheduling-1] getAgroGovAzNews() - image added to image list
2023-10-20 16:45:25,583 DEBUG com.yelload.agro_news.rss.NewsDataControl [scheduling-1] getAgroGovAzNews() - image added to image list
2023-10-20 16:45:25,583 DEBUG com.yelload.agro_news.rss.NewsDataControl [scheduling-1] getAgroGovAzNews() - image added to image list
2023-10-20 16:45:25,584 DEBUG com.yelload.agro_news.rss.NewsDataControl [scheduling-1] getAgroGovAzNews() - image added to image list
2023-10-20 16:45:25,584 DEBUG com.yelload.agro_news.rss.NewsDataControl [scheduling-1] getAgroGovAzNews() - image added to image list
2023-10-20 16:45:25,584 DEBUG com.yelload.agro_news.rss.NewsDataControl [scheduling-1] getAgroGovAzNews() - image added to image list
2023-10-20 16:45:25,584 DEBUG com.yelload.agro_news.rss.NewsDataControl [scheduling-1] getAgroGovAzNews() - image added to image list
2023-10-20 16:45:25,585 DEBUG com.yelload.agro_news.rss.NewsDataControl [scheduling-1] getAgroGovAzNews() - image added to image list
2023-10-20 16:45:25,585 DEBUG com.yelload.agro_news.rss.NewsDataControl [scheduling-1] getAgroGovAzNews() - image added to image list
2023-10-20 16:45:25,585 DEBUG com.yelload.agro_news.rss.NewsDataControl [scheduling-1] getAgroGovAzNews() - image added to image list
2023-10-20 16:45:25,586 DEBUG com.yelload.agro_news.rss.NewsDataControl [scheduling-1] getAgroGovAzNews() - image added to image list
2023-10-20 16:45:25,586 DEBUG com.yelload.agro_news.rss.NewsDataControl [scheduling-1] getAgroGovAzNews() - image added to image list
2023-10-20 16:45:25,586 DEBUG com.yelload.agro_news.rss.NewsDataControl [scheduling-1] getAgroGovAzNews() - image added to image list
2023-10-20 16:45:25,586 DEBUG com.yelload.agro_news.rss.NewsDataControl [scheduling-1] getAgroGovAzNews() - image added to image list
2023-10-20 16:45:25,586 DEBUG com.yelload.agro_news.rss.NewsDataControl [scheduling-1] getAgroGovAzNews() - image added to image list
2023-10-20 16:45:25,587 DEBUG com.yelload.agro_news.rss.NewsDataControl [scheduling-1] getAgroGovAzNews() - image added to image list
2023-10-20 16:45:25,587 DEBUG com.yelload.agro_news.rss.NewsDataControl [scheduling-1] getAgroGovAzNews() - image added to image list
2023-10-20 16:45:25,587 DEBUG com.yelload.agro_news.rss.NewsDataControl [scheduling-1] getAgroGovAzNews() - images set to newsDto
2023-10-20 16:45:25,587 DEBUG com.yelload.agro_news.service.impl.NewsServiceImpl [scheduling-1] Create news entity with data
2023-10-20 16:45:25,587 DEBUG com.yelload.agro_news.service.impl.NewsServiceImpl [scheduling-1] Create image list
2023-10-20 16:45:25,587 DEBUG com.yelload.agro_news.service.impl.NewsServiceImpl [scheduling-1] Add images to newsDto.getImages()
2023-10-20 16:45:25,587 DEBUG com.yelload.agro_news.service.impl.NewsServiceImpl [scheduling-1] Add images to newsDto.getImages()
2023-10-20 16:45:25,588 DEBUG com.yelload.agro_news.service.impl.NewsServiceImpl [scheduling-1] Add images to newsDto.getImages()
2023-10-20 16:45:25,588 DEBUG com.yelload.agro_news.service.impl.NewsServiceImpl [scheduling-1] Add images to newsDto.getImages()
2023-10-20 16:45:25,589 DEBUG com.yelload.agro_news.service.impl.NewsServiceImpl [scheduling-1] Add images to newsDto.getImages()
2023-10-20 16:45:25,589 DEBUG com.yelload.agro_news.service.impl.NewsServiceImpl [scheduling-1] Add images to newsDto.getImages()
2023-10-20 16:45:25,589 DEBUG com.yelload.agro_news.service.impl.NewsServiceImpl [scheduling-1] Add images to newsDto.getImages()
2023-10-20 16:45:25,590 DEBUG com.yelload.agro_news.service.impl.NewsServiceImpl [scheduling-1] Add images to newsDto.getImages()
2023-10-20 16:45:25,590 DEBUG com.yelload.agro_news.service.impl.NewsServiceImpl [scheduling-1] Add images to newsDto.getImages()
2023-10-20 16:45:25,590 DEBUG com.yelload.agro_news.service.impl.NewsServiceImpl [scheduling-1] Add images to newsDto.getImages()
2023-10-20 16:45:25,591 DEBUG com.yelload.agro_news.service.impl.NewsServiceImpl [scheduling-1] Add images to newsDto.getImages()
2023-10-20 16:45:25,591 DEBUG com.yelload.agro_news.service.impl.NewsServiceImpl [scheduling-1] Add images to newsDto.getImages()
2023-10-20 16:45:25,591 DEBUG com.yelload.agro_news.service.impl.NewsServiceImpl [scheduling-1] Add images to newsDto.getImages()
2023-10-20 16:45:25,592 DEBUG com.yelload.agro_news.service.impl.NewsServiceImpl [scheduling-1] Add images to newsDto.getImages()
2023-10-20 16:45:25,592 DEBUG com.yelload.agro_news.service.impl.NewsServiceImpl [scheduling-1] Add images to newsDto.getImages()
2023-10-20 16:45:25,592 DEBUG com.yelload.agro_news.service.impl.NewsServiceImpl [scheduling-1] Add images to newsDto.getImages()
2023-10-20 16:45:25,592 DEBUG com.yelload.agro_news.service.impl.NewsServiceImpl [scheduling-1] Add images to newsDto.getImages()
2023-10-20 16:45:25,592 DEBUG com.yelload.agro_news.service.impl.NewsServiceImpl [scheduling-1] Add images to newsDto.getImages()
2023-10-20 16:45:25,592 DEBUG com.yelload.agro_news.service.impl.NewsServiceImpl [scheduling-1] Add images to newsDto.getImages()
2023-10-20 16:45:25,593 DEBUG com.yelload.agro_news.service.impl.NewsServiceImpl [scheduling-1] Add images to newsDto.getImages()
2023-10-20 16:45:25,614 DEBUG com.yelload.agro_news.service.impl.NewsServiceImpl [scheduling-1] Save news
2023-10-20 16:45:25,614 DEBUG com.yelload.agro_news.rss.NewsDataControl [scheduling-1] getAgroGovAzNews() - main news saved
2023-10-20 16:45:25,614 INFO com.yelload.agro_news.task.ScheduledTasks [scheduling-1] The getAgroGovAzNews() method worked...
2023-10-20 16:45:38,109 INFO org.apache.juli.logging.DirectJDKLog [http-nio-8080-exec-1] Initializing Spring DispatcherServlet 'dispatcherServlet'
2023-10-20 16:45:38,109 INFO org.springframework.web.servlet.FrameworkServlet [http-nio-8080-exec-1] Initializing Servlet 'dispatcherServlet'
2023-10-20 16:45:38,125 INFO org.springframework.web.servlet.FrameworkServlet [http-nio-8080-exec-1] Completed initialization in 16 ms
2023-10-20 16:45:38,143 DEBUG com.yelload.agro_news.security.filter.JWTAuthorizationFilter [http-nio-8080-exec-1] header == null
2023-10-20 16:45:38,175 DEBUG com.yelload.agro_news.security.filter.ExceptionHandlerFilter [http-nio-8080-exec-1] Exception handler filter worked.
2023-10-20 16:45:38,194 DEBUG com.yelload.agro_news.security.filter.JWTAuthorizationFilter [http-nio-8080-exec-2] header == null
2023-10-20 16:45:38,204 DEBUG com.yelload.agro_news.security.filter.ExceptionHandlerFilter [http-nio-8080-exec-2] Exception handler filter worked.
2023-10-20 16:45:38,206 DEBUG com.yelload.agro_news.security.filter.JWTAuthorizationFilter [http-nio-8080-exec-5] header == null
2023-10-20 16:45:38,207 DEBUG com.yelload.agro_news.security.filter.JWTAuthorizationFilter [http-nio-8080-exec-6] header == null
2023-10-20 16:45:38,207 DEBUG com.yelload.agro_news.security.filter.JWTAuthorizationFilter [http-nio-8080-exec-4] header == null
2023-10-20 16:45:38,207 DEBUG com.yelload.agro_news.security.filter.JWTAuthorizationFilter [http-nio-8080-exec-3] header == null
2023-10-20 16:45:38,213 DEBUG com.yelload.agro_news.security.filter.ExceptionHandlerFilter [http-nio-8080-exec-5] Exception handler filter worked.
2023-10-20 16:45:38,227 DEBUG com.yelload.agro_news.security.filter.ExceptionHandlerFilter [http-nio-8080-exec-3] Exception handler filter worked.
2023-10-20 16:45:38,236 DEBUG com.yelload.agro_news.security.filter.ExceptionHandlerFilter [http-nio-8080-exec-4] Exception handler filter worked.
2023-10-20 16:45:38,251 DEBUG com.yelload.agro_news.security.filter.ExceptionHandlerFilter [http-nio-8080-exec-6] Exception handler filter worked.
2023-10-20 16:45:38,418 DEBUG com.yelload.agro_news.security.filter.JWTAuthorizationFilter [http-nio-8080-exec-7] header == null
2023-10-20 16:45:38,420 DEBUG com.yelload.agro_news.security.filter.JWTAuthorizationFilter [http-nio-8080-exec-8] header == null
2023-10-20 16:45:38,424 DEBUG com.yelload.agro_news.security.filter.ExceptionHandlerFilter [http-nio-8080-exec-8] Exception handler filter worked.
2023-10-20 16:45:38,444 DEBUG com.yelload.agro_news.security.filter.ExceptionHandlerFilter [http-nio-8080-exec-7] Exception handler filter worked.
2023-10-20 16:45:38,466 DEBUG com.yelload.agro_news.security.filter.JWTAuthorizationFilter [http-nio-8080-exec-9] header == null
2023-10-20 16:45:39,093 INFO org.springdoc.api.AbstractOpenApiResource [http-nio-8080-exec-9] Init duration for springdoc-openapi is: 615 ms
2023-10-20 16:45:39,109 DEBUG com.yelload.agro_news.security.filter.ExceptionHandlerFilter [http-nio-8080-exec-9] Exception handler filter worked.
2023-10-20 16:47:50,161 DEBUG com.yelload.agro_news.security.filter.JWTAuthorizationFilter [http-nio-8080-exec-6] header == null
2023-10-20 16:47:50,162 DEBUG com.yelload.agro_news.security.filter.ExceptionHandlerFilter [http-nio-8080-exec-6] Exception handler filter worked.
2023-10-20 16:51:32,222 INFO org.apache.juli.logging.DirectJDKLog [http-nio-8080-exec-1] Error parsing HTTP request header
 Note: further occurrences of HTTP request parsing errors will be logged at DEBUG level.
java.lang.IllegalArgumentException: Invalid character found in method name [0x160x030x010x000xf70x010x000x000xf30x030x030x910x850xc0+Ag0xd40x810x140x99y0xcb0xbe0xb740xaeik0x9e0x05=>0x9c0x0c0x97J<j0xbc0x940xb0+ ]. HTTP method names must be tokens
	at org.apache.coyote.http11.Http11InputBuffer.parseRequestLine(Http11InputBuffer.java:419)
	at org.apache.coyote.http11.Http11Processor.service(Http11Processor.java:271)
	at org.apache.coyote.AbstractProcessorLight.process(AbstractProcessorLight.java:65)
	at org.apache.coyote.AbstractProtocol$ConnectionHandler.process(AbstractProtocol.java:891)
	at org.apache.tomcat.util.net.NioEndpoint$SocketProcessor.doRun(NioEndpoint.java:1784)
	at org.apache.tomcat.util.net.SocketProcessorBase.run(SocketProcessorBase.java:49)
	at org.apache.tomcat.util.threads.ThreadPoolExecutor.runWorker(ThreadPoolExecutor.java:1191)
	at org.apache.tomcat.util.threads.ThreadPoolExecutor$Worker.run(ThreadPoolExecutor.java:659)
	at org.apache.tomcat.util.threads.TaskThread$WrappingRunnable.run(TaskThread.java:61)
	at java.base/java.lang.Thread.run(Thread.java:1623)
2023-10-20 16:53:00,811 DEBUG com.yelload.agro_news.security.filter.JWTAuthorizationFilter [http-nio-8080-exec-10] header == null
2023-10-20 16:53:00,811 DEBUG com.yelload.agro_news.security.filter.ExceptionHandlerFilter [http-nio-8080-exec-10] Exception handler filter worked.
2023-10-20 17:10:17,569 DEBUG com.yelload.agro_news.security.filter.JWTAuthorizationFilter [http-nio-8080-exec-7] header == null
2023-10-20 17:10:17,573 DEBUG com.yelload.agro_news.security.filter.ExceptionHandlerFilter [http-nio-8080-exec-7] Exception handler filter worked.
2023-10-20 17:10:17,592 DEBUG com.yelload.agro_news.security.filter.JWTAuthorizationFilter [http-nio-8080-exec-9] header == null
2023-10-20 17:10:17,597 DEBUG com.yelload.agro_news.security.filter.ExceptionHandlerFilter [http-nio-8080-exec-9] Exception handler filter worked.
2023-10-20 17:10:17,605 DEBUG com.yelload.agro_news.security.filter.JWTAuthorizationFilter [http-nio-8080-exec-10] header == null
2023-10-20 17:10:17,605 DEBUG com.yelload.agro_news.security.filter.JWTAuthorizationFilter [http-nio-8080-exec-1] header == null
2023-10-20 17:10:17,606 DEBUG com.yelload.agro_news.security.filter.JWTAuthorizationFilter [http-nio-8080-exec-2] header == null
2023-10-20 17:10:17,606 DEBUG com.yelload.agro_news.security.filter.JWTAuthorizationFilter [http-nio-8080-exec-5] header == null
2023-10-20 17:10:17,610 DEBUG com.yelload.agro_news.security.filter.ExceptionHandlerFilter [http-nio-8080-exec-1] Exception handler filter worked.
2023-10-20 17:10:17,610 DEBUG com.yelload.agro_news.security.filter.ExceptionHandlerFilter [http-nio-8080-exec-5] Exception handler filter worked.
2023-10-20 17:10:17,617 DEBUG com.yelload.agro_news.security.filter.ExceptionHandlerFilter [http-nio-8080-exec-2] Exception handler filter worked.
2023-10-20 17:10:17,628 DEBUG com.yelload.agro_news.security.filter.ExceptionHandlerFilter [http-nio-8080-exec-10] Exception handler filter worked.
2023-10-20 17:10:17,813 DEBUG com.yelload.agro_news.security.filter.JWTAuthorizationFilter [http-nio-8080-exec-3] header == null
2023-10-20 17:10:17,816 DEBUG com.yelload.agro_news.security.filter.ExceptionHandlerFilter [http-nio-8080-exec-3] Exception handler filter worked.
2023-10-20 17:10:17,840 DEBUG com.yelload.agro_news.security.filter.JWTAuthorizationFilter [http-nio-8080-exec-4] header == null
2023-10-20 17:10:17,845 DEBUG com.yelload.agro_news.security.filter.ExceptionHandlerFilter [http-nio-8080-exec-4] Exception handler filter worked.
2023-10-20 17:18:21,414 INFO org.apache.juli.logging.DirectJDKLog [http-nio-8080-exec-1] Error parsing HTTP request header
 Note: further occurrences of HTTP request parsing errors will be logged at DEBUG level.
java.lang.IllegalArgumentException: Invalid character found in method name [0x160x030x010x000xf70x010x000x000xf30x030x03\0xf90xd2?h0x99"0x910xac0xb170x870xc70xdb0xd70xb60x83S0xc5]f=0x0d0xd1o-0x91@0xf60xe60x800x13 ]. HTTP method names must be tokens
	at org.apache.coyote.http11.Http11InputBuffer.parseRequestLine(Http11InputBuffer.java:419)
	at org.apache.coyote.http11.Http11Processor.service(Http11Processor.java:271)
	at org.apache.coyote.AbstractProcessorLight.process(AbstractProcessorLight.java:65)
	at org.apache.coyote.AbstractProtocol$ConnectionHandler.process(AbstractProtocol.java:891)
	at org.apache.tomcat.util.net.NioEndpoint$SocketProcessor.doRun(NioEndpoint.java:1784)
	at org.apache.tomcat.util.net.SocketProcessorBase.run(SocketProcessorBase.java:49)
	at org.apache.tomcat.util.threads.ThreadPoolExecutor.runWorker(ThreadPoolExecutor.java:1191)
	at org.apache.tomcat.util.threads.ThreadPoolExecutor$Worker.run(ThreadPoolExecutor.java:659)
	at org.apache.tomcat.util.threads.TaskThread$WrappingRunnable.run(TaskThread.java:61)
	at java.base/java.lang.Thread.run(Thread.java:1623)
2023-10-20 17:21:23,940 DEBUG com.yelload.agro_news.security.filter.JWTAuthorizationFilter [http-nio-8080-exec-6] JWT authorization filter worked.
2023-10-20 17:21:23,940 DEBUG com.yelload.agro_news.security.filter.ExceptionHandlerFilter [http-nio-8080-exec-6] Exception handler filter worked.
2023-10-20 17:21:51,827 ERROR org.apache.juli.logging.DirectJDKLog [http-nio-8080-exec-5] Servlet.service() for servlet [dispatcherServlet] in context with path [] threw exception
org.springframework.security.web.firewall.RequestRejectedException: The request was rejected because the URL contained a potentially malicious String "//"
	at org.springframework.security.web.firewall.StrictHttpFirewall.rejectedBlocklistedUrls(StrictHttpFirewall.java:535)
	at org.springframework.security.web.firewall.StrictHttpFirewall.getFirewalledRequest(StrictHttpFirewall.java:505)
	at org.springframework.security.web.FilterChainProxy.doFilterInternal(FilterChainProxy.java:206)
	at org.springframework.security.web.FilterChainProxy.doFilter(FilterChainProxy.java:186)
	at org.springframework.web.filter.DelegatingFilterProxy.invokeDelegate(DelegatingFilterProxy.java:354)
	at org.springframework.web.filter.DelegatingFilterProxy.doFilter(DelegatingFilterProxy.java:267)
	at org.apache.catalina.core.ApplicationFilterChain.internalDoFilter(ApplicationFilterChain.java:189)
	at org.apache.catalina.core.ApplicationFilterChain.doFilter(ApplicationFilterChain.java:162)
	at org.springframework.web.filter.RequestContextFilter.doFilterInternal(RequestContextFilter.java:100)
	at org.springframework.web.filter.OncePerRequestFilter.doFilter(OncePerRequestFilter.java:117)
	at org.apache.catalina.core.ApplicationFilterChain.internalDoFilter(ApplicationFilterChain.java:189)
	at org.apache.catalina.core.ApplicationFilterChain.doFilter(ApplicationFilterChain.java:162)
	at org.springframework.web.filter.FormContentFilter.doFilterInternal(FormContentFilter.java:93)
	at org.springframework.web.filter.OncePerRequestFilter.doFilter(OncePerRequestFilter.java:117)
	at org.apache.catalina.core.ApplicationFilterChain.internalDoFilter(ApplicationFilterChain.java:189)
	at org.apache.catalina.core.ApplicationFilterChain.doFilter(ApplicationFilterChain.java:162)
	at org.springframework.web.filter.CharacterEncodingFilter.doFilterInternal(CharacterEncodingFilter.java:201)
	at org.springframework.web.filter.OncePerRequestFilter.doFilter(OncePerRequestFilter.java:117)
	at org.apache.catalina.core.ApplicationFilterChain.internalDoFilter(ApplicationFilterChain.java:189)
	at org.apache.catalina.core.ApplicationFilterChain.doFilter(ApplicationFilterChain.java:162)
	at org.apache.catalina.core.StandardWrapperValve.invoke(StandardWrapperValve.java:177)
	at org.apache.catalina.core.StandardContextValve.invoke(StandardContextValve.java:97)
	at org.apache.catalina.authenticator.AuthenticatorBase.invoke(AuthenticatorBase.java:541)
	at org.apache.catalina.core.StandardHostValve.invoke(StandardHostValve.java:135)
	at org.apache.catalina.valves.ErrorReportValve.invoke(ErrorReportValve.java:92)
	at org.apache.catalina.core.StandardEngineValve.invoke(StandardEngineValve.java:78)
	at org.apache.catalina.connector.CoyoteAdapter.service(CoyoteAdapter.java:360)
	at org.apache.coyote.http11.Http11Processor.service(Http11Processor.java:399)
	at org.apache.coyote.AbstractProcessorLight.process(AbstractProcessorLight.java:65)
	at org.apache.coyote.AbstractProtocol$ConnectionHandler.process(AbstractProtocol.java:891)
	at org.apache.tomcat.util.net.NioEndpoint$SocketProcessor.doRun(NioEndpoint.java:1784)
	at org.apache.tomcat.util.net.SocketProcessorBase.run(SocketProcessorBase.java:49)
	at org.apache.tomcat.util.threads.ThreadPoolExecutor.runWorker(ThreadPoolExecutor.java:1191)
	at org.apache.tomcat.util.threads.ThreadPoolExecutor$Worker.run(ThreadPoolExecutor.java:659)
	at org.apache.tomcat.util.threads.TaskThread$WrappingRunnable.run(TaskThread.java:61)
	at java.base/java.lang.Thread.run(Thread.java:1623)
2023-10-20 17:45:19,458 DEBUG com.yelload.agro_news.rss.NewsDataHelper [scheduling-1] The Kənd Təsərrüfatı Nazirliyi ilə Atom Enerjisi üzrə Beynəlxalq Agentliyin birgə seminarı keçirilib news mached to Kənd Təsərrüfatı Nazirliyi ilə Atom Enerjisi üzrə Beynəlxalq Agentliyin birgə seminarı keçirilib
2023-10-20 17:45:19,458 INFO com.yelload.agro_news.rss.NewsDataHelper [scheduling-1] Agro.gov.az already added
2023-10-20 17:45:19,740 DEBUG com.yelload.agro_news.rss.NewsDataHelper [scheduling-1] The Kənd təsərrüfatı nazirinin müavini Sarvan Cəfərov Saatlıda vətəndaşları qəbul edib news mached to Kənd təsərrüfatı nazirinin müavini Sarvan Cəfərov Saatlıda vətəndaşları qəbul edib
2023-10-20 17:45:19,740 INFO com.yelload.agro_news.rss.NewsDataHelper [scheduling-1] Agro.gov.az already added
2023-10-20 17:45:19,740 INFO com.yelload.agro_news.task.ScheduledTasks [scheduling-1] The getAgroGovAzNews() method worked...
2023-10-20 18:06:38,454 DEBUG com.yelload.agro_news.security.filter.JWTAuthorizationFilter [http-nio-8080-exec-3] header == null
2023-10-20 18:06:38,458 DEBUG com.yelload.agro_news.security.filter.ExceptionHandlerFilter [http-nio-8080-exec-3] Exception handler filter worked.
2023-10-20 18:06:38,476 DEBUG com.yelload.agro_news.security.filter.JWTAuthorizationFilter [http-nio-8080-exec-4] header == null
2023-10-20 18:06:38,480 DEBUG com.yelload.agro_news.security.filter.ExceptionHandlerFilter [http-nio-8080-exec-4] Exception handler filter worked.
2023-10-20 18:06:38,488 DEBUG com.yelload.agro_news.security.filter.JWTAuthorizationFilter [http-nio-8080-exec-8] header == null
2023-10-20 18:06:38,488 DEBUG com.yelload.agro_news.security.filter.JWTAuthorizationFilter [http-nio-8080-exec-9] header == null
2023-10-20 18:06:38,488 DEBUG com.yelload.agro_news.security.filter.JWTAuthorizationFilter [http-nio-8080-exec-7] header == null
2023-10-20 18:06:38,489 DEBUG com.yelload.agro_news.security.filter.JWTAuthorizationFilter [http-nio-8080-exec-6] header == null
2023-10-20 18:06:38,493 DEBUG com.yelload.agro_news.security.filter.ExceptionHandlerFilter [http-nio-8080-exec-6] Exception handler filter worked.
2023-10-20 18:06:38,493 DEBUG com.yelload.agro_news.security.filter.ExceptionHandlerFilter [http-nio-8080-exec-9] Exception handler filter worked.
2023-10-20 18:06:38,497 DEBUG com.yelload.agro_news.security.filter.ExceptionHandlerFilter [http-nio-8080-exec-8] Exception handler filter worked.
2023-10-20 18:06:38,508 DEBUG com.yelload.agro_news.security.filter.ExceptionHandlerFilter [http-nio-8080-exec-7] Exception handler filter worked.
2023-10-20 18:06:38,691 DEBUG com.yelload.agro_news.security.filter.JWTAuthorizationFilter [http-nio-8080-exec-5] header == null
2023-10-20 18:06:38,693 DEBUG com.yelload.agro_news.security.filter.ExceptionHandlerFilter [http-nio-8080-exec-5] Exception handler filter worked.
2023-10-20 18:06:38,717 DEBUG com.yelload.agro_news.security.filter.JWTAuthorizationFilter [http-nio-8080-exec-1] header == null
2023-10-20 18:06:38,725 DEBUG com.yelload.agro_news.security.filter.ExceptionHandlerFilter [http-nio-8080-exec-1] Exception handler filter worked.
2023-10-20 18:06:55,426 DEBUG com.yelload.agro_news.security.filter.JWTAuthorizationFilter [http-nio-8080-exec-10] header == null
2023-10-20 18:06:55,427 DEBUG com.yelload.agro_news.security.filter.ExceptionHandlerFilter [http-nio-8080-exec-10] Exception handler filter worked.
2023-10-20 18:08:33,442 DEBUG com.yelload.agro_news.security.filter.JWTAuthorizationFilter [http-nio-8080-exec-8] JWT authorization filter worked.
2023-10-20 18:08:33,442 DEBUG com.yelload.agro_news.security.filter.ExceptionHandlerFilter [http-nio-8080-exec-8] Exception handler filter worked.
2023-10-20 18:15:08,452 INFO org.springframework.orm.jpa.AbstractEntityManagerFactoryBean [SpringApplicationShutdownHook] Closing JPA EntityManagerFactory for persistence unit 'default'
2023-10-20 18:15:08,453 INFO org.hibernate.tool.schema.internal.SchemaDropperImpl$DelayedDropActionImpl [SpringApplicationShutdownHook] HHH000477: Starting delayed evictData of schema as part of SessionFactory shut-down'
2023-10-20 18:15:08,651 INFO com.zaxxer.hikari.HikariDataSource [SpringApplicationShutdownHook] HikariPool-1 - Shutdown initiated...
2023-10-20 18:15:08,655 INFO com.zaxxer.hikari.HikariDataSource [SpringApplicationShutdownHook] HikariPool-1 - Shutdown completed.
2023-10-20 18:17:42,658 INFO org.springframework.boot.StartupInfoLogger [main] Starting AgroNewsApplication using Java 20.0.2 on Nigar with PID 11848 (C:\Users\nigarorucova\Desktop\Aqro\aqroxeber\target\classes started by nigarorucova in C:\Users\nigarorucova\Desktop\Aqro\aqroxeber)
2023-10-20 18:17:42,661 DEBUG org.springframework.boot.StartupInfoLogger [main] Running with Spring Boot v2.7.9, Spring v5.3.25
2023-10-20 18:17:42,661 INFO org.springframework.boot.SpringApplication [main] The following 1 profile is active: "dev"
2023-10-20 18:17:43,834 INFO org.springframework.data.repository.config.RepositoryConfigurationDelegate [main] Bootstrapping Spring Data JPA repositories in DEFAULT mode.
2023-10-20 18:17:43,926 INFO org.springframework.data.repository.config.RepositoryConfigurationDelegate [main] Finished Spring Data repository scanning in 83 ms. Found 7 JPA repository interfaces.
2023-10-20 18:17:44,682 INFO org.springframework.boot.web.embedded.tomcat.TomcatWebServer [main] Tomcat initialized with port(s): 8080 (http)
2023-10-20 18:17:44,693 INFO org.springframework.boot.StartupInfoLogger [main] Starting AgroNewsApplication using Java 20.0.2 on Nigar with PID 7316 (C:\Users\nigarorucova\Desktop\Aqro\aqroxeber\target\classes started by nigarorucova in C:\Users\nigarorucova\Desktop\Aqro\aqroxeber)
2023-10-20 18:17:44,696 INFO org.apache.juli.logging.DirectJDKLog [main] Starting service [Tomcat]
2023-10-20 18:17:44,697 DEBUG org.springframework.boot.StartupInfoLogger [main] Running with Spring Boot v2.7.9, Spring v5.3.25
2023-10-20 18:17:44,697 INFO org.apache.juli.logging.DirectJDKLog [main] Starting Servlet engine: [Apache Tomcat/9.0.71]
2023-10-20 18:17:44,698 INFO org.springframework.boot.SpringApplication [main] The following 1 profile is active: "dev"
2023-10-20 18:17:45,056 INFO org.apache.juli.logging.DirectJDKLog [main] Initializing Spring embedded WebApplicationContext
2023-10-20 18:17:45,057 INFO org.springframework.boot.web.servlet.context.ServletWebServerApplicationContext [main] Root WebApplicationContext: initialization completed in 2348 ms
2023-10-20 18:17:45,149 INFO com.zaxxer.hikari.HikariDataSource [main] HikariPool-1 - Starting...
2023-10-20 18:17:45,575 INFO com.zaxxer.hikari.HikariDataSource [main] HikariPool-1 - Start completed.
2023-10-20 18:17:45,593 INFO org.springframework.boot.autoconfigure.h2.H2ConsoleAutoConfiguration [main] H2 console available at '/h2'. Database available at 'jdbc:h2:mem:agro-news'
2023-10-20 18:17:45,771 INFO org.hibernate.jpa.internal.util.LogHelper [main] HHH000204: Processing PersistenceUnitInfo [name: default]
2023-10-20 18:17:45,826 INFO org.hibernate.Version [main] HHH000412: Hibernate ORM core version 5.6.15.Final
2023-10-20 18:17:45,922 INFO org.springframework.data.repository.config.RepositoryConfigurationDelegate [main] Bootstrapping Spring Data JPA repositories in DEFAULT mode.
2023-10-20 18:17:45,997 INFO org.hibernate.annotations.common.reflection.java.JavaReflectionManager [main] HCANN000001: Hibernate Commons Annotations {5.1.2.Final}
2023-10-20 18:17:46,006 INFO org.springframework.data.repository.config.RepositoryConfigurationDelegate [main] Finished Spring Data repository scanning in 74 ms. Found 7 JPA repository interfaces.
2023-10-20 18:17:46,122 INFO org.hibernate.dialect.Dialect [main] HHH000400: Using dialect: org.hibernate.dialect.H2Dialect
2023-10-20 18:17:46,572 INFO org.springframework.boot.web.embedded.tomcat.TomcatWebServer [main] Tomcat initialized with port(s): 8080 (http)
2023-10-20 18:17:46,581 INFO org.apache.juli.logging.DirectJDKLog [main] Starting service [Tomcat]
2023-10-20 18:17:46,581 INFO org.apache.juli.logging.DirectJDKLog [main] Starting Servlet engine: [Apache Tomcat/9.0.71]
2023-10-20 18:17:46,711 INFO org.apache.juli.logging.DirectJDKLog [main] Initializing Spring embedded WebApplicationContext
2023-10-20 18:17:46,711 INFO org.springframework.boot.web.servlet.context.ServletWebServerApplicationContext [main] Root WebApplicationContext: initialization completed in 1943 ms
2023-10-20 18:17:46,742 INFO com.zaxxer.hikari.HikariDataSource [main] HikariPool-1 - Starting...
2023-10-20 18:17:46,965 INFO com.zaxxer.hikari.HikariDataSource [main] HikariPool-1 - Start completed.
2023-10-20 18:17:46,970 INFO org.hibernate.engine.transaction.jta.platform.internal.JtaPlatformInitiator [main] HHH000490: Using JtaPlatform implementation: [org.hibernate.engine.transaction.jta.platform.internal.NoJtaPlatform]
2023-10-20 18:17:46,976 INFO org.springframework.boot.autoconfigure.h2.H2ConsoleAutoConfiguration [main] H2 console available at '/h2'. Database available at 'jdbc:h2:mem:agro-news'
2023-10-20 18:17:46,979 INFO org.springframework.orm.jpa.AbstractEntityManagerFactoryBean [main] Initialized JPA EntityManagerFactory for persistence unit 'default'
2023-10-20 18:17:47,134 INFO org.hibernate.jpa.internal.util.LogHelper [main] HHH000204: Processing PersistenceUnitInfo [name: default]
2023-10-20 18:17:47,193 INFO org.hibernate.Version [main] HHH000412: Hibernate ORM core version 5.6.15.Final
2023-10-20 18:17:47,365 INFO org.hibernate.annotations.common.reflection.java.JavaReflectionManager [main] HCANN000001: Hibernate Commons Annotations {5.1.2.Final}
2023-10-20 18:17:47,512 INFO org.hibernate.dialect.Dialect [main] HHH000400: Using dialect: org.hibernate.dialect.H2Dialect
2023-10-20 18:17:47,766 INFO org.springframework.security.web.DefaultSecurityFilterChain [main] Will secure any request with [org.springframework.security.web.session.DisableEncodeUrlFilter@40b958c5, org.springframework.security.web.context.request.async.WebAsyncManagerIntegrationFilter@7d49fe37, org.springframework.security.web.context.SecurityContextPersistenceFilter@779136bf, org.springframework.security.web.header.HeaderWriterFilter@13868c41, org.springframework.web.filter.CorsFilter@74ab8610, org.springframework.security.web.authentication.logout.LogoutFilter@188ab96, com.yelload.agro_news.security.filter.ExceptionHandlerFilter@231c521e, com.yelload.agro_news.security.filter.AuthenticationFilter@296949c8, com.yelload.agro_news.security.filter.JWTAuthorizationFilter@1be3a294, org.springframework.security.web.savedrequest.RequestCacheAwareFilter@53a3fc8b, org.springframework.security.web.servletapi.SecurityContextHolderAwareRequestFilter@337e573b, org.springframework.security.web.authentication.AnonymousAuthenticationFilter@33502cfe, org.springframework.security.web.session.SessionManagementFilter@72115c48, org.springframework.security.web.access.ExceptionTranslationFilter@70ccb3bf, org.springframework.security.web.access.intercept.FilterSecurityInterceptor@5d24703e]
2023-10-20 18:17:47,912 WARN org.springframework.boot.autoconfigure.orm.jpa.JpaBaseConfiguration$JpaWebConfiguration [main] spring.jpa.open-in-view is enabled by default. Therefore, database queries may be performed during view rendering. Explicitly configure spring.jpa.open-in-view to disable this warning
2023-10-20 18:17:48,503 INFO org.hibernate.engine.transaction.jta.platform.internal.JtaPlatformInitiator [main] HHH000490: Using JtaPlatform implementation: [org.hibernate.engine.transaction.jta.platform.internal.NoJtaPlatform]
2023-10-20 18:17:48,512 INFO org.springframework.orm.jpa.AbstractEntityManagerFactoryBean [main] Initialized JPA EntityManagerFactory for persistence unit 'default'
2023-10-20 18:17:48,977 INFO org.springframework.boot.web.embedded.tomcat.TomcatWebServer [main] Tomcat started on port(s): 8080 (http) with context path ''
2023-10-20 18:17:48,991 INFO org.springframework.boot.StartupInfoLogger [main] Started AgroNewsApplication in 6.794 seconds (JVM running for 7.657)
2023-10-20 18:17:49,149 INFO org.apache.juli.logging.DirectJDKLog [http-nio-8080-exec-1] Initializing Spring DispatcherServlet 'dispatcherServlet'
2023-10-20 18:17:49,150 INFO org.springframework.web.servlet.FrameworkServlet [http-nio-8080-exec-1] Initializing Servlet 'dispatcherServlet'
2023-10-20 18:17:49,152 INFO org.springframework.web.servlet.FrameworkServlet [http-nio-8080-exec-1] Completed initialization in 2 ms
2023-10-20 18:17:49,386 DEBUG com.yelload.agro_news.security.filter.JWTAuthorizationFilter [http-nio-8080-exec-1] JWT authorization filter worked.
2023-10-20 18:17:49,386 DEBUG com.yelload.agro_news.security.filter.ExceptionHandlerFilter [http-nio-8080-exec-1] Exception handler filter worked.
2023-10-20 18:17:49,499 INFO org.springframework.security.web.DefaultSecurityFilterChain [main] Will secure any request with [org.springframework.security.web.session.DisableEncodeUrlFilter@36696821, org.springframework.security.web.context.request.async.WebAsyncManagerIntegrationFilter@5f01361e, org.springframework.security.web.context.SecurityContextPersistenceFilter@2bfa5678, org.springframework.security.web.header.HeaderWriterFilter@28551755, org.springframework.web.filter.CorsFilter@769a9b7a, org.springframework.security.web.authentication.logout.LogoutFilter@242c4a94, com.yelload.agro_news.security.filter.ExceptionHandlerFilter@2d568cff, com.yelload.agro_news.security.filter.AuthenticationFilter@5003c114, com.yelload.agro_news.security.filter.JWTAuthorizationFilter@6e4bccc, org.springframework.security.web.savedrequest.RequestCacheAwareFilter@7a7bb083, org.springframework.security.web.servletapi.SecurityContextHolderAwareRequestFilter@2178d296, org.springframework.security.web.authentication.AnonymousAuthenticationFilter@2487b621, org.springframework.security.web.session.SessionManagementFilter@220a5163, org.springframework.security.web.access.ExceptionTranslationFilter@4d22265c, org.springframework.security.web.access.intercept.FilterSecurityInterceptor@543196f9]
2023-10-20 18:17:49,668 WARN org.springframework.boot.autoconfigure.orm.jpa.JpaBaseConfiguration$JpaWebConfiguration [main] spring.jpa.open-in-view is enabled by default. Therefore, database queries may be performed during view rendering. Explicitly configure spring.jpa.open-in-view to disable this warning
2023-10-20 18:17:50,486 DEBUG com.yelload.agro_news.rss.NewsDataHelper [scheduling-1] The Kənd Təsərrüfatı Nazirliyi ilə Atom Enerjisi üzrə Beynəlxalq Agentliyin birgə seminarı keçirilib news is new
2023-10-20 18:17:50,510 DEBUG com.yelload.agro_news.rss.NewsDataHelper [scheduling-1] News content length checked.
2023-10-20 18:17:50,519 DEBUG com.yelload.agro_news.rss.NewsDataHelper [scheduling-1] Get standard month format
2023-10-20 18:17:50,519 DEBUG com.yelload.agro_news.rss.NewsDataHelper [scheduling-1] Get standard date and change month format
2023-10-20 18:17:50,521 DEBUG com.yelload.agro_news.rss.NewsDataControl [scheduling-1] getAgroGovAzNews() - image list created
2023-10-20 18:17:50,547 DEBUG com.yelload.agro_news.rss.NewsDataControl [scheduling-1] getAgroGovAzNews() - image added to image list
2023-10-20 18:17:50,561 DEBUG com.yelload.agro_news.rss.NewsDataControl [scheduling-1] getAgroGovAzNews() - image added to image list
2023-10-20 18:17:50,573 DEBUG com.yelload.agro_news.rss.NewsDataControl [scheduling-1] getAgroGovAzNews() - image added to image list
2023-10-20 18:17:50,594 DEBUG com.yelload.agro_news.rss.NewsDataControl [scheduling-1] getAgroGovAzNews() - image added to image list
2023-10-20 18:17:50,595 DEBUG com.yelload.agro_news.rss.NewsDataControl [scheduling-1] getAgroGovAzNews() - images set to newsDto
2023-10-20 18:17:50,595 DEBUG com.yelload.agro_news.service.impl.NewsServiceImpl [scheduling-1] Create news entity with data
2023-10-20 18:17:50,595 DEBUG com.yelload.agro_news.service.impl.NewsServiceImpl [scheduling-1] Create image list
2023-10-20 18:17:50,596 DEBUG com.yelload.agro_news.service.impl.NewsServiceImpl [scheduling-1] Add images to newsDto.getImages()
2023-10-20 18:17:50,596 DEBUG com.yelload.agro_news.service.impl.NewsServiceImpl [scheduling-1] Add images to newsDto.getImages()
2023-10-20 18:17:50,596 DEBUG com.yelload.agro_news.service.impl.NewsServiceImpl [scheduling-1] Add images to newsDto.getImages()
2023-10-20 18:17:50,596 DEBUG com.yelload.agro_news.service.impl.NewsServiceImpl [scheduling-1] Add images to newsDto.getImages()
2023-10-20 18:17:50,597 DEBUG com.yelload.agro_news.service.impl.NewsServiceImpl [scheduling-1] Add images to newsDto.getImages()
2023-10-20 18:17:50,635 DEBUG com.yelload.agro_news.service.impl.NewsServiceImpl [scheduling-1] Save news
2023-10-20 18:17:50,635 DEBUG com.yelload.agro_news.rss.NewsDataControl [scheduling-1] getAgroGovAzNews() - main news saved
2023-10-20 18:17:50,784 WARN org.springframework.context.support.AbstractApplicationContext [main] Exception encountered during context initialization - cancelling refresh attempt: org.springframework.context.ApplicationContextException: Failed to start bean 'webServerStartStop'; nested exception is org.springframework.boot.web.server.PortInUseException: Port 8080 is already in use
2023-10-20 18:17:50,789 INFO org.springframework.orm.jpa.AbstractEntityManagerFactoryBean [main] Closing JPA EntityManagerFactory for persistence unit 'default'
2023-10-20 18:17:50,790 INFO org.hibernate.tool.schema.internal.SchemaDropperImpl$DelayedDropActionImpl [main] HHH000477: Starting delayed evictData of schema as part of SessionFactory shut-down'
2023-10-20 18:17:50,797 INFO com.zaxxer.hikari.HikariDataSource [main] HikariPool-1 - Shutdown initiated...
2023-10-20 18:17:50,799 INFO com.zaxxer.hikari.HikariDataSource [main] HikariPool-1 - Shutdown completed.
2023-10-20 18:17:50,801 INFO org.apache.juli.logging.DirectJDKLog [main] Stopping service [Tomcat]
2023-10-20 18:17:50,813 INFO org.springframework.boot.autoconfigure.logging.ConditionEvaluationReportLoggingListener [main] 

Error starting ApplicationContext. To display the conditions report re-run your application with 'debug' enabled.
2023-10-20 18:17:50,829 ERROR org.springframework.boot.diagnostics.LoggingFailureAnalysisReporter [main] 

***************************
APPLICATION FAILED TO START
***************************

Description:

Web server failed to start. Port 8080 was already in use.

Action:

Identify and stop the process that's listening on port 8080 or configure this application to listen on another port.

2023-10-20 18:17:50,933 DEBUG com.yelload.agro_news.rss.NewsDataHelper [scheduling-1] The Bal yarmarkasında Qarabağ və Şərqi Zəngəzur iqtisadi rayonlarından 3 tona yaxın bal satışa çıxarılıb news is new
2023-10-20 18:17:50,934 DEBUG com.yelload.agro_news.rss.NewsDataHelper [scheduling-1] News content length checked.
2023-10-20 18:17:50,935 DEBUG com.yelload.agro_news.rss.NewsDataHelper [scheduling-1] Get standard month format
2023-10-20 18:17:50,935 DEBUG com.yelload.agro_news.rss.NewsDataHelper [scheduling-1] Get standard date and change month format
2023-10-20 18:17:50,936 DEBUG com.yelload.agro_news.rss.NewsDataControl [scheduling-1] getAgroGovAzNews() - image list created
2023-10-20 18:17:50,936 DEBUG com.yelload.agro_news.rss.NewsDataControl [scheduling-1] getAgroGovAzNews() - images set to newsDto
2023-10-20 18:17:50,936 DEBUG com.yelload.agro_news.service.impl.NewsServiceImpl [scheduling-1] Create news entity with data
2023-10-20 18:17:50,936 DEBUG com.yelload.agro_news.service.impl.NewsServiceImpl [scheduling-1] Create image list
2023-10-20 18:17:50,936 DEBUG com.yelload.agro_news.service.impl.NewsServiceImpl [scheduling-1] Add images to newsDto.getImages()
2023-10-20 18:17:50,938 DEBUG com.yelload.agro_news.service.impl.NewsServiceImpl [scheduling-1] Save news
2023-10-20 18:17:50,938 DEBUG com.yelload.agro_news.rss.NewsDataControl [scheduling-1] getAgroGovAzNews() - main news saved
2023-10-20 18:17:51,222 DEBUG com.yelload.agro_news.rss.NewsDataHelper [scheduling-1] The Kənd təsərrüfatı nazirinin müavini İlhamə Qədimova Şəmkirdə vətəndaşları qəbul edib news is new
2023-10-20 18:17:51,223 DEBUG com.yelload.agro_news.rss.NewsDataHelper [scheduling-1] News content length checked.
2023-10-20 18:17:51,224 DEBUG com.yelload.agro_news.rss.NewsDataHelper [scheduling-1] Get standard month format
2023-10-20 18:17:51,224 DEBUG com.yelload.agro_news.rss.NewsDataHelper [scheduling-1] Get standard date and change month format
2023-10-20 18:17:51,224 DEBUG com.yelload.agro_news.rss.NewsDataControl [scheduling-1] getAgroGovAzNews() - image list created
2023-10-20 18:17:51,238 DEBUG com.yelload.agro_news.rss.NewsDataControl [scheduling-1] getAgroGovAzNews() - image added to image list
2023-10-20 18:17:51,248 DEBUG com.yelload.agro_news.rss.NewsDataControl [scheduling-1] getAgroGovAzNews() - image added to image list
2023-10-20 18:17:51,259 DEBUG com.yelload.agro_news.rss.NewsDataControl [scheduling-1] getAgroGovAzNews() - image added to image list
2023-10-20 18:17:51,259 DEBUG com.yelload.agro_news.rss.NewsDataControl [scheduling-1] getAgroGovAzNews() - images set to newsDto
2023-10-20 18:17:51,259 DEBUG com.yelload.agro_news.service.impl.NewsServiceImpl [scheduling-1] Create news entity with data
2023-10-20 18:17:51,259 DEBUG com.yelload.agro_news.service.impl.NewsServiceImpl [scheduling-1] Create image list
2023-10-20 18:17:51,259 DEBUG com.yelload.agro_news.service.impl.NewsServiceImpl [scheduling-1] Add images to newsDto.getImages()
2023-10-20 18:17:51,259 DEBUG com.yelload.agro_news.service.impl.NewsServiceImpl [scheduling-1] Add images to newsDto.getImages()
2023-10-20 18:17:51,259 DEBUG com.yelload.agro_news.service.impl.NewsServiceImpl [scheduling-1] Add images to newsDto.getImages()
2023-10-20 18:17:51,259 DEBUG com.yelload.agro_news.service.impl.NewsServiceImpl [scheduling-1] Add images to newsDto.getImages()
2023-10-20 18:17:51,264 DEBUG com.yelload.agro_news.service.impl.NewsServiceImpl [scheduling-1] Save news
2023-10-20 18:17:51,264 DEBUG com.yelload.agro_news.rss.NewsDataControl [scheduling-1] getAgroGovAzNews() - main news saved
2023-10-20 18:17:51,570 DEBUG com.yelload.agro_news.rss.NewsDataHelper [scheduling-1] The Kənd təsərrüfatı nazirinin müavini Sarvan Cəfərov Saatlıda vətəndaşları qəbul edib news is new
2023-10-20 18:17:51,571 DEBUG com.yelload.agro_news.rss.NewsDataHelper [scheduling-1] News content length checked.
2023-10-20 18:17:51,572 DEBUG com.yelload.agro_news.rss.NewsDataHelper [scheduling-1] Get standard month format
2023-10-20 18:17:51,572 DEBUG com.yelload.agro_news.rss.NewsDataHelper [scheduling-1] Get standard date and change month format
2023-10-20 18:17:51,573 DEBUG com.yelload.agro_news.rss.NewsDataControl [scheduling-1] getAgroGovAzNews() - image list created
2023-10-20 18:17:51,573 DEBUG com.yelload.agro_news.rss.NewsDataControl [scheduling-1] getAgroGovAzNews() - image added to image list
2023-10-20 18:17:51,574 DEBUG com.yelload.agro_news.rss.NewsDataControl [scheduling-1] getAgroGovAzNews() - image added to image list
2023-10-20 18:17:51,574 DEBUG com.yelload.agro_news.rss.NewsDataControl [scheduling-1] getAgroGovAzNews() - image added to image list
2023-10-20 18:17:51,574 DEBUG com.yelload.agro_news.rss.NewsDataControl [scheduling-1] getAgroGovAzNews() - images set to newsDto
2023-10-20 18:17:51,574 DEBUG com.yelload.agro_news.service.impl.NewsServiceImpl [scheduling-1] Create news entity with data
2023-10-20 18:17:51,574 DEBUG com.yelload.agro_news.service.impl.NewsServiceImpl [scheduling-1] Create image list
2023-10-20 18:17:51,575 DEBUG com.yelload.agro_news.service.impl.NewsServiceImpl [scheduling-1] Add images to newsDto.getImages()
2023-10-20 18:17:51,575 DEBUG com.yelload.agro_news.service.impl.NewsServiceImpl [scheduling-1] Add images to newsDto.getImages()
2023-10-20 18:17:51,575 DEBUG com.yelload.agro_news.service.impl.NewsServiceImpl [scheduling-1] Add images to newsDto.getImages()
2023-10-20 18:17:51,575 DEBUG com.yelload.agro_news.service.impl.NewsServiceImpl [scheduling-1] Add images to newsDto.getImages()
2023-10-20 18:17:51,579 DEBUG com.yelload.agro_news.service.impl.NewsServiceImpl [scheduling-1] Save news
2023-10-20 18:17:51,580 DEBUG com.yelload.agro_news.rss.NewsDataControl [scheduling-1] getAgroGovAzNews() - main news saved
2023-10-20 18:17:51,907 DEBUG com.yelload.agro_news.rss.NewsDataHelper [scheduling-1] The Nazir Məcnun Məmmədov Samuxda vətəndaşları qəbul edəcək news is new
2023-10-20 18:17:51,908 DEBUG com.yelload.agro_news.rss.NewsDataHelper [scheduling-1] News content length checked.
2023-10-20 18:17:51,909 DEBUG com.yelload.agro_news.rss.NewsDataHelper [scheduling-1] Get standard month format
2023-10-20 18:17:51,909 DEBUG com.yelload.agro_news.rss.NewsDataHelper [scheduling-1] Get standard date and change month format
2023-10-20 18:17:51,909 DEBUG com.yelload.agro_news.rss.NewsDataControl [scheduling-1] getAgroGovAzNews() - image list created
2023-10-20 18:17:51,910 DEBUG com.yelload.agro_news.rss.NewsDataControl [scheduling-1] getAgroGovAzNews() - images set to newsDto
2023-10-20 18:17:51,910 DEBUG com.yelload.agro_news.service.impl.NewsServiceImpl [scheduling-1] Create news entity with data
2023-10-20 18:17:51,910 DEBUG com.yelload.agro_news.service.impl.NewsServiceImpl [scheduling-1] Create image list
2023-10-20 18:17:51,910 DEBUG com.yelload.agro_news.service.impl.NewsServiceImpl [scheduling-1] Add images to newsDto.getImages()
2023-10-20 18:17:51,916 DEBUG com.yelload.agro_news.service.impl.NewsServiceImpl [scheduling-1] Save news
2023-10-20 18:17:51,916 DEBUG com.yelload.agro_news.rss.NewsDataControl [scheduling-1] getAgroGovAzNews() - main news saved
2023-10-20 18:17:52,241 DEBUG com.yelload.agro_news.rss.NewsDataHelper [scheduling-1] The Aqrar Sığorta Fondunun İdarə Heyətinin sədri Fuad Sadıqov Biləsuvarda vətəndaşları qəbul edəcək news is new
2023-10-20 18:17:52,244 DEBUG com.yelload.agro_news.rss.NewsDataHelper [scheduling-1] News content length checked.
2023-10-20 18:17:52,244 DEBUG com.yelload.agro_news.rss.NewsDataHelper [scheduling-1] Get standard month format
2023-10-20 18:17:52,245 DEBUG com.yelload.agro_news.rss.NewsDataHelper [scheduling-1] Get standard date and change month format
2023-10-20 18:17:52,245 DEBUG com.yelload.agro_news.rss.NewsDataControl [scheduling-1] getAgroGovAzNews() - image list created
2023-10-20 18:17:52,245 DEBUG com.yelload.agro_news.rss.NewsDataControl [scheduling-1] getAgroGovAzNews() - images set to newsDto
2023-10-20 18:17:52,245 DEBUG com.yelload.agro_news.service.impl.NewsServiceImpl [scheduling-1] Create news entity with data
2023-10-20 18:17:52,245 DEBUG com.yelload.agro_news.service.impl.NewsServiceImpl [scheduling-1] Create image list
2023-10-20 18:17:52,245 DEBUG com.yelload.agro_news.service.impl.NewsServiceImpl [scheduling-1] Add images to newsDto.getImages()
2023-10-20 18:17:52,250 DEBUG com.yelload.agro_news.service.impl.NewsServiceImpl [scheduling-1] Save news
2023-10-20 18:17:52,251 DEBUG com.yelload.agro_news.rss.NewsDataControl [scheduling-1] getAgroGovAzNews() - main news saved
2023-10-20 18:17:52,619 DEBUG com.yelload.agro_news.rss.NewsDataHelper [scheduling-1] The “Aqroservis” ASC-nin sədri Elmin Rəhmanov Masallıda vətəndaşları qəbul edəcək news is new
2023-10-20 18:17:52,620 DEBUG com.yelload.agro_news.rss.NewsDataHelper [scheduling-1] News content length checked.
2023-10-20 18:17:52,620 DEBUG com.yelload.agro_news.rss.NewsDataHelper [scheduling-1] Get standard month format
2023-10-20 18:17:52,620 DEBUG com.yelload.agro_news.rss.NewsDataHelper [scheduling-1] Get standard date and change month format
2023-10-20 18:17:52,620 DEBUG com.yelload.agro_news.rss.NewsDataControl [scheduling-1] getAgroGovAzNews() - image list created
2023-10-20 18:17:52,621 DEBUG com.yelload.agro_news.rss.NewsDataControl [scheduling-1] getAgroGovAzNews() - images set to newsDto
2023-10-20 18:17:52,621 DEBUG com.yelload.agro_news.service.impl.NewsServiceImpl [scheduling-1] Create news entity with data
2023-10-20 18:17:52,621 DEBUG com.yelload.agro_news.service.impl.NewsServiceImpl [scheduling-1] Create image list
2023-10-20 18:17:52,621 DEBUG com.yelload.agro_news.service.impl.NewsServiceImpl [scheduling-1] Add images to newsDto.getImages()
2023-10-20 18:17:52,623 DEBUG com.yelload.agro_news.service.impl.NewsServiceImpl [scheduling-1] Save news
2023-10-20 18:17:52,623 DEBUG com.yelload.agro_news.rss.NewsDataControl [scheduling-1] getAgroGovAzNews() - main news saved
2023-10-20 18:17:52,927 DEBUG com.yelload.agro_news.rss.NewsDataHelper [scheduling-1] The Kənd təsərrüfatı nazirinin müavini Sarvan Cəfərov Saatlıda vətəndaşları qəbul edəcək news is new
2023-10-20 18:17:52,927 DEBUG com.yelload.agro_news.rss.NewsDataHelper [scheduling-1] News content length checked.
2023-10-20 18:17:52,928 DEBUG com.yelload.agro_news.rss.NewsDataHelper [scheduling-1] Get standard month format
2023-10-20 18:17:52,928 DEBUG com.yelload.agro_news.rss.NewsDataHelper [scheduling-1] Get standard date and change month format
2023-10-20 18:17:52,929 DEBUG com.yelload.agro_news.rss.NewsDataControl [scheduling-1] getAgroGovAzNews() - image list created
2023-10-20 18:17:52,929 DEBUG com.yelload.agro_news.rss.NewsDataControl [scheduling-1] getAgroGovAzNews() - images set to newsDto
2023-10-20 18:17:52,930 DEBUG com.yelload.agro_news.service.impl.NewsServiceImpl [scheduling-1] Create news entity with data
2023-10-20 18:17:52,930 DEBUG com.yelload.agro_news.service.impl.NewsServiceImpl [scheduling-1] Create image list
2023-10-20 18:17:52,930 DEBUG com.yelload.agro_news.service.impl.NewsServiceImpl [scheduling-1] Add images to newsDto.getImages()
2023-10-20 18:17:52,933 DEBUG com.yelload.agro_news.service.impl.NewsServiceImpl [scheduling-1] Save news
2023-10-20 18:17:52,933 DEBUG com.yelload.agro_news.rss.NewsDataControl [scheduling-1] getAgroGovAzNews() - main news saved
2023-10-20 18:17:53,211 DEBUG com.yelload.agro_news.rss.NewsDataHelper [scheduling-1] The Beynəlxalq seleksiya şirkətinin süfrəlik üzüm sortlarının nümayişi təşkil edilib news is new
2023-10-20 18:17:53,213 DEBUG com.yelload.agro_news.rss.NewsDataHelper [scheduling-1] News content length checked.
2023-10-20 18:17:53,213 DEBUG com.yelload.agro_news.rss.NewsDataHelper [scheduling-1] Get standard month format
2023-10-20 18:17:53,213 DEBUG com.yelload.agro_news.rss.NewsDataHelper [scheduling-1] Get standard date and change month format
2023-10-20 18:17:53,214 DEBUG com.yelload.agro_news.rss.NewsDataControl [scheduling-1] getAgroGovAzNews() - image list created
2023-10-20 18:17:53,215 DEBUG com.yelload.agro_news.rss.NewsDataControl [scheduling-1] getAgroGovAzNews() - image added to image list
2023-10-20 18:17:53,215 DEBUG com.yelload.agro_news.rss.NewsDataControl [scheduling-1] getAgroGovAzNews() - image added to image list
2023-10-20 18:17:53,215 DEBUG com.yelload.agro_news.rss.NewsDataControl [scheduling-1] getAgroGovAzNews() - image added to image list
2023-10-20 18:17:53,216 DEBUG com.yelload.agro_news.rss.NewsDataControl [scheduling-1] getAgroGovAzNews() - image added to image list
2023-10-20 18:17:53,216 DEBUG com.yelload.agro_news.rss.NewsDataControl [scheduling-1] getAgroGovAzNews() - image added to image list
2023-10-20 18:17:53,216 DEBUG com.yelload.agro_news.rss.NewsDataControl [scheduling-1] getAgroGovAzNews() - image added to image list
2023-10-20 18:17:53,216 DEBUG com.yelload.agro_news.rss.NewsDataControl [scheduling-1] getAgroGovAzNews() - image added to image list
2023-10-20 18:17:53,216 DEBUG com.yelload.agro_news.rss.NewsDataControl [scheduling-1] getAgroGovAzNews() - images set to newsDto
2023-10-20 18:17:53,217 DEBUG com.yelload.agro_news.service.impl.NewsServiceImpl [scheduling-1] Create news entity with data
2023-10-20 18:17:53,217 DEBUG com.yelload.agro_news.service.impl.NewsServiceImpl [scheduling-1] Create image list
2023-10-20 18:17:53,217 DEBUG com.yelload.agro_news.service.impl.NewsServiceImpl [scheduling-1] Add images to newsDto.getImages()
2023-10-20 18:17:53,217 DEBUG com.yelload.agro_news.service.impl.NewsServiceImpl [scheduling-1] Add images to newsDto.getImages()
2023-10-20 18:17:53,217 DEBUG com.yelload.agro_news.service.impl.NewsServiceImpl [scheduling-1] Add images to newsDto.getImages()
2023-10-20 18:17:53,217 DEBUG com.yelload.agro_news.service.impl.NewsServiceImpl [scheduling-1] Add images to newsDto.getImages()
2023-10-20 18:17:53,218 DEBUG com.yelload.agro_news.service.impl.NewsServiceImpl [scheduling-1] Add images to newsDto.getImages()
2023-10-20 18:17:53,218 DEBUG com.yelload.agro_news.service.impl.NewsServiceImpl [scheduling-1] Add images to newsDto.getImages()
2023-10-20 18:17:53,218 DEBUG com.yelload.agro_news.service.impl.NewsServiceImpl [scheduling-1] Add images to newsDto.getImages()
2023-10-20 18:17:53,218 DEBUG com.yelload.agro_news.service.impl.NewsServiceImpl [scheduling-1] Add images to newsDto.getImages()
2023-10-20 18:17:53,233 DEBUG com.yelload.agro_news.service.impl.NewsServiceImpl [scheduling-1] Save news
2023-10-20 18:17:53,234 DEBUG com.yelload.agro_news.rss.NewsDataControl [scheduling-1] getAgroGovAzNews() - main news saved
2023-10-20 18:17:53,561 DEBUG com.yelload.agro_news.rss.NewsDataHelper [scheduling-1] The Nazir Məcnun Məmmədov Şəkidə vətəndaşları qəbul edib news is new
2023-10-20 18:17:53,562 DEBUG com.yelload.agro_news.rss.NewsDataHelper [scheduling-1] News content length checked.
2023-10-20 18:17:53,562 DEBUG com.yelload.agro_news.rss.NewsDataHelper [scheduling-1] Get standard month format
2023-10-20 18:17:53,562 DEBUG com.yelload.agro_news.rss.NewsDataHelper [scheduling-1] Get standard date and change month format
2023-10-20 18:17:53,563 DEBUG com.yelload.agro_news.rss.NewsDataControl [scheduling-1] getAgroGovAzNews() - image list created
2023-10-20 18:17:53,563 DEBUG com.yelload.agro_news.rss.NewsDataControl [scheduling-1] getAgroGovAzNews() - image added to image list
2023-10-20 18:17:53,563 DEBUG com.yelload.agro_news.rss.NewsDataControl [scheduling-1] getAgroGovAzNews() - image added to image list
2023-10-20 18:17:53,563 DEBUG com.yelload.agro_news.rss.NewsDataControl [scheduling-1] getAgroGovAzNews() - image added to image list
2023-10-20 18:17:53,563 DEBUG com.yelload.agro_news.rss.NewsDataControl [scheduling-1] getAgroGovAzNews() - image added to image list
2023-10-20 18:17:53,563 DEBUG com.yelload.agro_news.rss.NewsDataControl [scheduling-1] getAgroGovAzNews() - image added to image list
2023-10-20 18:17:53,563 DEBUG com.yelload.agro_news.rss.NewsDataControl [scheduling-1] getAgroGovAzNews() - images set to newsDto
2023-10-20 18:17:53,563 DEBUG com.yelload.agro_news.service.impl.NewsServiceImpl [scheduling-1] Create news entity with data
2023-10-20 18:17:53,564 DEBUG com.yelload.agro_news.service.impl.NewsServiceImpl [scheduling-1] Create image list
2023-10-20 18:17:53,564 DEBUG com.yelload.agro_news.service.impl.NewsServiceImpl [scheduling-1] Add images to newsDto.getImages()
2023-10-20 18:17:53,564 DEBUG com.yelload.agro_news.service.impl.NewsServiceImpl [scheduling-1] Add images to newsDto.getImages()
2023-10-20 18:17:53,564 DEBUG com.yelload.agro_news.service.impl.NewsServiceImpl [scheduling-1] Add images to newsDto.getImages()
2023-10-20 18:17:53,564 DEBUG com.yelload.agro_news.service.impl.NewsServiceImpl [scheduling-1] Add images to newsDto.getImages()
2023-10-20 18:17:53,564 DEBUG com.yelload.agro_news.service.impl.NewsServiceImpl [scheduling-1] Add images to newsDto.getImages()
2023-10-20 18:17:53,564 DEBUG com.yelload.agro_news.service.impl.NewsServiceImpl [scheduling-1] Add images to newsDto.getImages()
2023-10-20 18:17:53,568 DEBUG com.yelload.agro_news.service.impl.NewsServiceImpl [scheduling-1] Save news
2023-10-20 18:17:53,569 DEBUG com.yelload.agro_news.rss.NewsDataControl [scheduling-1] getAgroGovAzNews() - main news saved
2023-10-20 18:17:53,874 DEBUG com.yelload.agro_news.rss.NewsDataHelper [scheduling-1] The Kənd təsərrüfatı nazirinin müavini İlhamə Qədimova Şəmkirdə vətəndaşları qəbul edəcək news is new
2023-10-20 18:17:53,876 DEBUG com.yelload.agro_news.rss.NewsDataHelper [scheduling-1] News content length checked.
2023-10-20 18:17:53,877 DEBUG com.yelload.agro_news.rss.NewsDataHelper [scheduling-1] Get standard month format
2023-10-20 18:17:53,878 DEBUG com.yelload.agro_news.rss.NewsDataHelper [scheduling-1] Get standard date and change month format
2023-10-20 18:17:53,879 DEBUG com.yelload.agro_news.rss.NewsDataControl [scheduling-1] getAgroGovAzNews() - image list created
2023-10-20 18:17:53,879 DEBUG com.yelload.agro_news.rss.NewsDataControl [scheduling-1] getAgroGovAzNews() - images set to newsDto
2023-10-20 18:17:53,879 DEBUG com.yelload.agro_news.service.impl.NewsServiceImpl [scheduling-1] Create news entity with data
2023-10-20 18:17:53,880 DEBUG com.yelload.agro_news.service.impl.NewsServiceImpl [scheduling-1] Create image list
2023-10-20 18:17:53,880 DEBUG com.yelload.agro_news.service.impl.NewsServiceImpl [scheduling-1] Add images to newsDto.getImages()
2023-10-20 18:17:53,885 DEBUG com.yelload.agro_news.service.impl.NewsServiceImpl [scheduling-1] Save news
2023-10-20 18:17:53,886 DEBUG com.yelload.agro_news.rss.NewsDataControl [scheduling-1] getAgroGovAzNews() - main news saved
2023-10-20 18:17:54,184 DEBUG com.yelload.agro_news.rss.NewsDataHelper [scheduling-1] The Aqrar Xidmətlər Agentliyinin sədr müavini Cəfər Məhərrəmov Qubada vətəndaşları qəbul edəcək news is new
2023-10-20 18:17:54,185 DEBUG com.yelload.agro_news.rss.NewsDataHelper [scheduling-1] News content length checked.
2023-10-20 18:17:54,185 DEBUG com.yelload.agro_news.rss.NewsDataHelper [scheduling-1] Get standard month format
2023-10-20 18:17:54,185 DEBUG com.yelload.agro_news.rss.NewsDataHelper [scheduling-1] Get standard date and change month format
2023-10-20 18:17:54,186 DEBUG com.yelload.agro_news.rss.NewsDataControl [scheduling-1] getAgroGovAzNews() - image list created
2023-10-20 18:17:54,186 DEBUG com.yelload.agro_news.rss.NewsDataControl [scheduling-1] getAgroGovAzNews() - images set to newsDto
2023-10-20 18:17:54,186 DEBUG com.yelload.agro_news.service.impl.NewsServiceImpl [scheduling-1] Create news entity with data
2023-10-20 18:17:54,186 DEBUG com.yelload.agro_news.service.impl.NewsServiceImpl [scheduling-1] Create image list
2023-10-20 18:17:54,186 DEBUG com.yelload.agro_news.service.impl.NewsServiceImpl [scheduling-1] Add images to newsDto.getImages()
2023-10-20 18:17:54,188 DEBUG com.yelload.agro_news.service.impl.NewsServiceImpl [scheduling-1] Save news
2023-10-20 18:17:54,188 DEBUG com.yelload.agro_news.rss.NewsDataControl [scheduling-1] getAgroGovAzNews() - main news saved
2023-10-20 18:17:54,456 DEBUG com.yelload.agro_news.rss.NewsDataHelper [scheduling-1] The Aqrar Kredit və İnkişaf Agentliyinin sədri Seymur Mövlayev Ağdaşda vətəndaşları qəbul edib news is new
2023-10-20 18:17:54,458 DEBUG com.yelload.agro_news.rss.NewsDataHelper [scheduling-1] News content length checked.
2023-10-20 18:17:54,459 DEBUG com.yelload.agro_news.rss.NewsDataHelper [scheduling-1] Get standard month format
2023-10-20 18:17:54,459 DEBUG com.yelload.agro_news.rss.NewsDataHelper [scheduling-1] Get standard date and change month format
2023-10-20 18:17:54,460 DEBUG com.yelload.agro_news.rss.NewsDataControl [scheduling-1] getAgroGovAzNews() - image list created
2023-10-20 18:17:54,460 DEBUG com.yelload.agro_news.rss.NewsDataControl [scheduling-1] getAgroGovAzNews() - image added to image list
2023-10-20 18:17:54,460 DEBUG com.yelload.agro_news.rss.NewsDataControl [scheduling-1] getAgroGovAzNews() - image added to image list
2023-10-20 18:17:54,460 DEBUG com.yelload.agro_news.rss.NewsDataControl [scheduling-1] getAgroGovAzNews() - image added to image list
2023-10-20 18:17:54,460 DEBUG com.yelload.agro_news.rss.NewsDataControl [scheduling-1] getAgroGovAzNews() - images set to newsDto
2023-10-20 18:17:54,461 DEBUG com.yelload.agro_news.service.impl.NewsServiceImpl [scheduling-1] Create news entity with data
2023-10-20 18:17:54,461 DEBUG com.yelload.agro_news.service.impl.NewsServiceImpl [scheduling-1] Create image list
2023-10-20 18:17:54,461 DEBUG com.yelload.agro_news.service.impl.NewsServiceImpl [scheduling-1] Add images to newsDto.getImages()
2023-10-20 18:17:54,461 DEBUG com.yelload.agro_news.service.impl.NewsServiceImpl [scheduling-1] Add images to newsDto.getImages()
2023-10-20 18:17:54,461 DEBUG com.yelload.agro_news.service.impl.NewsServiceImpl [scheduling-1] Add images to newsDto.getImages()
2023-10-20 18:17:54,461 DEBUG com.yelload.agro_news.service.impl.NewsServiceImpl [scheduling-1] Add images to newsDto.getImages()
2023-10-20 18:17:54,469 DEBUG com.yelload.agro_news.service.impl.NewsServiceImpl [scheduling-1] Save news
2023-10-20 18:17:54,470 DEBUG com.yelload.agro_news.rss.NewsDataControl [scheduling-1] getAgroGovAzNews() - main news saved
2023-10-20 18:17:54,756 DEBUG com.yelload.agro_news.rss.NewsDataHelper [scheduling-1] The Azərbaycanda yeni üzüm sortlarının təqdimatı keçiriləcək news is new
2023-10-20 18:17:54,756 DEBUG com.yelload.agro_news.rss.NewsDataHelper [scheduling-1] News content length checked.
2023-10-20 18:17:54,757 DEBUG com.yelload.agro_news.rss.NewsDataHelper [scheduling-1] Get standard month format
2023-10-20 18:17:54,757 DEBUG com.yelload.agro_news.rss.NewsDataHelper [scheduling-1] Get standard date and change month format
2023-10-20 18:17:54,758 DEBUG com.yelload.agro_news.rss.NewsDataControl [scheduling-1] getAgroGovAzNews() - image list created
2023-10-20 18:17:54,758 DEBUG com.yelload.agro_news.rss.NewsDataControl [scheduling-1] getAgroGovAzNews() - images set to newsDto
2023-10-20 18:17:54,758 DEBUG com.yelload.agro_news.service.impl.NewsServiceImpl [scheduling-1] Create news entity with data
2023-10-20 18:17:54,758 DEBUG com.yelload.agro_news.service.impl.NewsServiceImpl [scheduling-1] Create image list
2023-10-20 18:17:54,758 DEBUG com.yelload.agro_news.service.impl.NewsServiceImpl [scheduling-1] Add images to newsDto.getImages()
2023-10-20 18:17:54,761 DEBUG com.yelload.agro_news.service.impl.NewsServiceImpl [scheduling-1] Save news
2023-10-20 18:17:54,761 DEBUG com.yelload.agro_news.rss.NewsDataControl [scheduling-1] getAgroGovAzNews() - main news saved
2023-10-20 18:17:55,121 DEBUG com.yelload.agro_news.rss.NewsDataHelper [scheduling-1] The Biləsuvarda toxum sərgi-satış yarmarkası keçirilib news is new
2023-10-20 18:17:55,122 DEBUG com.yelload.agro_news.rss.NewsDataHelper [scheduling-1] News content length checked.
2023-10-20 18:17:55,123 DEBUG com.yelload.agro_news.rss.NewsDataHelper [scheduling-1] Get standard month format
2023-10-20 18:17:55,123 DEBUG com.yelload.agro_news.rss.NewsDataHelper [scheduling-1] Get standard date and change month format
2023-10-20 18:17:55,124 DEBUG com.yelload.agro_news.rss.NewsDataControl [scheduling-1] getAgroGovAzNews() - image list created
2023-10-20 18:17:55,124 DEBUG com.yelload.agro_news.rss.NewsDataControl [scheduling-1] getAgroGovAzNews() - image added to image list
2023-10-20 18:17:55,125 DEBUG com.yelload.agro_news.rss.NewsDataControl [scheduling-1] getAgroGovAzNews() - image added to image list
2023-10-20 18:17:55,125 DEBUG com.yelload.agro_news.rss.NewsDataControl [scheduling-1] getAgroGovAzNews() - image added to image list
2023-10-20 18:17:55,125 DEBUG com.yelload.agro_news.rss.NewsDataControl [scheduling-1] getAgroGovAzNews() - image added to image list
2023-10-20 18:17:55,126 DEBUG com.yelload.agro_news.rss.NewsDataControl [scheduling-1] getAgroGovAzNews() - image added to image list
2023-10-20 18:17:55,126 DEBUG com.yelload.agro_news.rss.NewsDataControl [scheduling-1] getAgroGovAzNews() - image added to image list
2023-10-20 18:17:55,126 DEBUG com.yelload.agro_news.rss.NewsDataControl [scheduling-1] getAgroGovAzNews() - image added to image list
2023-10-20 18:17:55,126 DEBUG com.yelload.agro_news.rss.NewsDataControl [scheduling-1] getAgroGovAzNews() - image added to image list
2023-10-20 18:17:55,126 DEBUG com.yelload.agro_news.rss.NewsDataControl [scheduling-1] getAgroGovAzNews() - image added to image list
2023-10-20 18:17:55,126 DEBUG com.yelload.agro_news.rss.NewsDataControl [scheduling-1] getAgroGovAzNews() - image added to image list
2023-10-20 18:17:55,127 DEBUG com.yelload.agro_news.rss.NewsDataControl [scheduling-1] getAgroGovAzNews() - image added to image list
2023-10-20 18:17:55,127 DEBUG com.yelload.agro_news.rss.NewsDataControl [scheduling-1] getAgroGovAzNews() - image added to image list
2023-10-20 18:17:55,127 DEBUG com.yelload.agro_news.rss.NewsDataControl [scheduling-1] getAgroGovAzNews() - image added to image list
2023-10-20 18:17:55,127 DEBUG com.yelload.agro_news.rss.NewsDataControl [scheduling-1] getAgroGovAzNews() - image added to image list
2023-10-20 18:17:55,127 DEBUG com.yelload.agro_news.rss.NewsDataControl [scheduling-1] getAgroGovAzNews() - image added to image list
2023-10-20 18:17:55,127 DEBUG com.yelload.agro_news.rss.NewsDataControl [scheduling-1] getAgroGovAzNews() - image added to image list
2023-10-20 18:17:55,128 DEBUG com.yelload.agro_news.rss.NewsDataControl [scheduling-1] getAgroGovAzNews() - image added to image list
2023-10-20 18:17:55,128 DEBUG com.yelload.agro_news.rss.NewsDataControl [scheduling-1] getAgroGovAzNews() - image added to image list
2023-10-20 18:17:55,128 DEBUG com.yelload.agro_news.rss.NewsDataControl [scheduling-1] getAgroGovAzNews() - image added to image list
2023-10-20 18:17:55,129 DEBUG com.yelload.agro_news.rss.NewsDataControl [scheduling-1] getAgroGovAzNews() - images set to newsDto
2023-10-20 18:17:55,129 DEBUG com.yelload.agro_news.service.impl.NewsServiceImpl [scheduling-1] Create news entity with data
2023-10-20 18:17:55,129 DEBUG com.yelload.agro_news.service.impl.NewsServiceImpl [scheduling-1] Create image list
2023-10-20 18:17:55,130 DEBUG com.yelload.agro_news.service.impl.NewsServiceImpl [scheduling-1] Add images to newsDto.getImages()
2023-10-20 18:17:55,131 DEBUG com.yelload.agro_news.service.impl.NewsServiceImpl [scheduling-1] Add images to newsDto.getImages()
2023-10-20 18:17:55,132 DEBUG com.yelload.agro_news.service.impl.NewsServiceImpl [scheduling-1] Add images to newsDto.getImages()
2023-10-20 18:17:55,132 DEBUG com.yelload.agro_news.service.impl.NewsServiceImpl [scheduling-1] Add images to newsDto.getImages()
2023-10-20 18:17:55,132 DEBUG com.yelload.agro_news.service.impl.NewsServiceImpl [scheduling-1] Add images to newsDto.getImages()
2023-10-20 18:17:55,132 DEBUG com.yelload.agro_news.service.impl.NewsServiceImpl [scheduling-1] Add images to newsDto.getImages()
2023-10-20 18:17:55,132 DEBUG com.yelload.agro_news.service.impl.NewsServiceImpl [scheduling-1] Add images to newsDto.getImages()
2023-10-20 18:17:55,132 DEBUG com.yelload.agro_news.service.impl.NewsServiceImpl [scheduling-1] Add images to newsDto.getImages()
2023-10-20 18:17:55,133 DEBUG com.yelload.agro_news.service.impl.NewsServiceImpl [scheduling-1] Add images to newsDto.getImages()
2023-10-20 18:17:55,133 DEBUG com.yelload.agro_news.service.impl.NewsServiceImpl [scheduling-1] Add images to newsDto.getImages()
2023-10-20 18:17:55,134 DEBUG com.yelload.agro_news.service.impl.NewsServiceImpl [scheduling-1] Add images to newsDto.getImages()
2023-10-20 18:17:55,134 DEBUG com.yelload.agro_news.service.impl.NewsServiceImpl [scheduling-1] Add images to newsDto.getImages()
2023-10-20 18:17:55,134 DEBUG com.yelload.agro_news.service.impl.NewsServiceImpl [scheduling-1] Add images to newsDto.getImages()
2023-10-20 18:17:55,134 DEBUG com.yelload.agro_news.service.impl.NewsServiceImpl [scheduling-1] Add images to newsDto.getImages()
2023-10-20 18:17:55,134 DEBUG com.yelload.agro_news.service.impl.NewsServiceImpl [scheduling-1] Add images to newsDto.getImages()
2023-10-20 18:17:55,135 DEBUG com.yelload.agro_news.service.impl.NewsServiceImpl [scheduling-1] Add images to newsDto.getImages()
2023-10-20 18:17:55,135 DEBUG com.yelload.agro_news.service.impl.NewsServiceImpl [scheduling-1] Add images to newsDto.getImages()
2023-10-20 18:17:55,135 DEBUG com.yelload.agro_news.service.impl.NewsServiceImpl [scheduling-1] Add images to newsDto.getImages()
2023-10-20 18:17:55,135 DEBUG com.yelload.agro_news.service.impl.NewsServiceImpl [scheduling-1] Add images to newsDto.getImages()
2023-10-20 18:17:55,135 DEBUG com.yelload.agro_news.service.impl.NewsServiceImpl [scheduling-1] Add images to newsDto.getImages()
2023-10-20 18:17:55,160 DEBUG com.yelload.agro_news.service.impl.NewsServiceImpl [scheduling-1] Save news
2023-10-20 18:17:55,160 DEBUG com.yelload.agro_news.rss.NewsDataControl [scheduling-1] getAgroGovAzNews() - main news saved
2023-10-20 18:17:55,160 INFO com.yelload.agro_news.task.ScheduledTasks [scheduling-1] The getAgroGovAzNews() method worked...
